-------------------------------------------------------------------------------
Test set: mflix.api.daos.ConnectionTest
-------------------------------------------------------------------------------
Tests run: 3, Failures: 0, Errors: 3, Skipped: 0, Time elapsed: 5.506 s <<< FAILURE! - in mflix.api.daos.ConnectionTest
testMoviesCount(mflix.api.daos.ConnectionTest)  Time elapsed: 1.038 s  <<< ERROR!
com.mongodb.MongoSecurityException: Exception authenticating MongoCredential{mechanism=SCRAM-SHA-1, userName='m220-student', source='admin', password=<hidden>, mechanismProperties={}}
	at mflix.api.daos.ConnectionTest.testMoviesCount(ConnectionTest.java:44)
Caused by: com.mongodb.MongoCommandException: Command failed with error 8000 (AtlasError): 'bad auth Authentication failed.' on server oministack-shard-00-01-dwiob.mongodb.net:27017. The full response is { "ok" : 0, "errmsg" : "bad auth Authentication failed.", "code" : 8000, "codeName" : "AtlasError" }
	at mflix.api.daos.ConnectionTest.testMoviesCount(ConnectionTest.java:44)

testConnectionFindsCollections(mflix.api.daos.ConnectionTest)  Time elapsed: 2.226 s  <<< ERROR!
com.mongodb.MongoSecurityException: Exception authenticating MongoCredential{mechanism=SCRAM-SHA-1, userName='m220-student', source='admin', password=<hidden>, mechanismProperties={}}
	at mflix.api.daos.ConnectionTest.testConnectionFindsCollections(ConnectionTest.java:71)
Caused by: com.mongodb.MongoCommandException: Command failed with error 8000 (AtlasError): 'bad auth Authentication failed.' on server oministack-shard-00-01-dwiob.mongodb.net:27017. The full response is { "ok" : 0, "errmsg" : "bad auth Authentication failed.", "code" : 8000, "codeName" : "AtlasError" }
	at mflix.api.daos.ConnectionTest.testConnectionFindsCollections(ConnectionTest.java:71)

testConnectionFindsDatabase(mflix.api.daos.ConnectionTest)  Time elapsed: 2.229 s  <<< ERROR!
com.mongodb.MongoSecurityException: Exception authenticating MongoCredential{mechanism=SCRAM-SHA-1, userName='m220-student', source='admin', password=<hidden>, mechanismProperties={}}
	at mflix.api.daos.ConnectionTest.testConnectionFindsDatabase(ConnectionTest.java:52)
Caused by: com.mongodb.MongoCommandException: Command failed with error 8000 (AtlasError): 'bad auth Authentication failed.' on server oministack-shard-00-01-dwiob.mongodb.net:27017. The full response is { "ok" : 0, "errmsg" : "bad auth Authentication failed.", "code" : 8000, "codeName" : "AtlasError" }
	at mflix.api.daos.ConnectionTest.testConnectionFindsDatabase(ConnectionTest.java:52)

