-------------------------------------------------------------------------------
Test set: mflix.api.daos.TextAndSubfieldTest
-------------------------------------------------------------------------------
Tests run: 6, Failures: 0, Errors: 6, Skipped: 0, Time elapsed: 8.675 s <<< FAILURE! - in mflix.api.daos.TextAndSubfieldTest
testGenreSearch(mflix.api.daos.TextAndSubfieldTest)  Time elapsed: 1.529 s  <<< ERROR!
com.mongodb.MongoSecurityException: Exception authenticating MongoCredential{mechanism=SCRAM-SHA-1, userName='m220-student', source='admin', password=<hidden>, mechanismProperties={}}
	at mflix.api.daos.TextAndSubfieldTest.testGenreSearch(TextAndSubfieldTest.java:155)
Caused by: com.mongodb.MongoCommandException: Command failed with error 8000 (AtlasError): 'bad auth Authentication failed.' on server oministack-shard-00-01-dwiob.mongodb.net:27017. The full response is { "ok" : 0, "errmsg" : "bad auth Authentication failed.", "code" : 8000, "codeName" : "AtlasError" }
	at mflix.api.daos.TextAndSubfieldTest.testGenreSearch(TextAndSubfieldTest.java:155)

testSearchMultipleCast(mflix.api.daos.TextAndSubfieldTest)  Time elapsed: 0.003 s  <<< ERROR!
java.lang.IllegalArgumentException: filter can not be null
	at mflix.api.daos.TextAndSubfieldTest.testSearchMultipleCast(TextAndSubfieldTest.java:108)

testMultipleGenreSearch(mflix.api.daos.TextAndSubfieldTest)  Time elapsed: 1.101 s  <<< ERROR!
com.mongodb.MongoSecurityException: Exception authenticating MongoCredential{mechanism=SCRAM-SHA-1, userName='m220-student', source='admin', password=<hidden>, mechanismProperties={}}
	at mflix.api.daos.TextAndSubfieldTest.testMultipleGenreSearch(TextAndSubfieldTest.java:138)
Caused by: com.mongodb.MongoCommandException: Command failed with error 8000 (AtlasError): 'bad auth Authentication failed.' on server oministack-shard-00-01-dwiob.mongodb.net:27017. The full response is { "ok" : 0, "errmsg" : "bad auth Authentication failed.", "code" : 8000, "codeName" : "AtlasError" }
	at mflix.api.daos.TextAndSubfieldTest.testMultipleGenreSearch(TextAndSubfieldTest.java:138)

testSearchByCast(mflix.api.daos.TextAndSubfieldTest)  Time elapsed: 0.006 s  <<< ERROR!
java.lang.IllegalArgumentException: filter can not be null
	at mflix.api.daos.TextAndSubfieldTest.testSearchByCast(TextAndSubfieldTest.java:82)

testTextSearch(mflix.api.daos.TextAndSubfieldTest)  Time elapsed: 1.107 s  <<< ERROR!
com.mongodb.MongoSecurityException: Exception authenticating MongoCredential{mechanism=SCRAM-SHA-1, userName='m220-student', source='admin', password=<hidden>, mechanismProperties={}}
	at mflix.api.daos.TextAndSubfieldTest.testTextSearch(TextAndSubfieldTest.java:47)
Caused by: com.mongodb.MongoCommandException: Command failed with error 8000 (AtlasError): 'bad auth Authentication failed.' on server oministack-shard-00-01-dwiob.mongodb.net:27017. The full response is { "ok" : 0, "errmsg" : "bad auth Authentication failed.", "code" : 8000, "codeName" : "AtlasError" }
	at mflix.api.daos.TextAndSubfieldTest.testTextSearch(TextAndSubfieldTest.java:47)

testTextSearchCount(mflix.api.daos.TextAndSubfieldTest)  Time elapsed: 1.123 s  <<< ERROR!
com.mongodb.MongoSecurityException: Exception authenticating MongoCredential{mechanism=SCRAM-SHA-1, userName='m220-student', source='admin', password=<hidden>, mechanismProperties={}}
	at mflix.api.daos.TextAndSubfieldTest.testTextSearchCount(TextAndSubfieldTest.java:75)
Caused by: com.mongodb.MongoCommandException: Command failed with error 8000 (AtlasError): 'bad auth Authentication failed.' on server oministack-shard-00-01-dwiob.mongodb.net:27017. The full response is { "ok" : 0, "errmsg" : "bad auth Authentication failed.", "code" : 8000, "codeName" : "AtlasError" }
	at mflix.api.daos.TextAndSubfieldTest.testTextSearchCount(TextAndSubfieldTest.java:75)

