-------------------------------------------------------------------------------
Test set: mflix.api.daos.DeleteCommentTest
-------------------------------------------------------------------------------
Tests run: 10, Failures: 0, Errors: 10, Skipped: 0, Time elapsed: 5.405 s <<< FAILURE! - in mflix.api.daos.DeleteCommentTest
testDeleteInvalidCommentId(mflix.api.daos.DeleteCommentTest)  Time elapsed: 1.069 s  <<< ERROR!
com.mongodb.MongoSecurityException: Exception authenticating MongoCredential{mechanism=SCRAM-SHA-1, userName='m220-student', source='admin', password=<hidden>, mechanismProperties={}}
	at mflix.api.daos.DeleteCommentTest.setUp(DeleteCommentTest.java:49)
Caused by: com.mongodb.MongoCommandException: Command failed with error 8000 (AtlasError): 'bad auth Authentication failed.' on server oministack-shard-00-01-dwiob.mongodb.net:27017. The full response is { "ok" : 0, "errmsg" : "bad auth Authentication failed.", "code" : 8000, "codeName" : "AtlasError" }
	at mflix.api.daos.DeleteCommentTest.setUp(DeleteCommentTest.java:49)

testDeleteInvalidCommentId(mflix.api.daos.DeleteCommentTest)  Time elapsed: 1.07 s  <<< ERROR!
java.lang.IllegalArgumentException
	at mflix.api.daos.DeleteCommentTest.tearDown(DeleteCommentTest.java:93)

testDeleteIncorrectCommentId(mflix.api.daos.DeleteCommentTest)  Time elapsed: 1.074 s  <<< ERROR!
com.mongodb.MongoSecurityException: Exception authenticating MongoCredential{mechanism=SCRAM-SHA-1, userName='m220-student', source='admin', password=<hidden>, mechanismProperties={}}
	at mflix.api.daos.DeleteCommentTest.setUp(DeleteCommentTest.java:49)
Caused by: com.mongodb.MongoCommandException: Command failed with error 8000 (AtlasError): 'bad auth Authentication failed.' on server oministack-shard-00-01-dwiob.mongodb.net:27017. The full response is { "ok" : 0, "errmsg" : "bad auth Authentication failed.", "code" : 8000, "codeName" : "AtlasError" }
	at mflix.api.daos.DeleteCommentTest.setUp(DeleteCommentTest.java:49)

testDeleteIncorrectCommentId(mflix.api.daos.DeleteCommentTest)  Time elapsed: 1.074 s  <<< ERROR!
java.lang.IllegalArgumentException
	at mflix.api.daos.DeleteCommentTest.tearDown(DeleteCommentTest.java:93)

testDeleteOfOwnedComment(mflix.api.daos.DeleteCommentTest)  Time elapsed: 1.049 s  <<< ERROR!
com.mongodb.MongoSecurityException: Exception authenticating MongoCredential{mechanism=SCRAM-SHA-1, userName='m220-student', source='admin', password=<hidden>, mechanismProperties={}}
	at mflix.api.daos.DeleteCommentTest.setUp(DeleteCommentTest.java:49)
Caused by: com.mongodb.MongoCommandException: Command failed with error 8000 (AtlasError): 'bad auth Authentication failed.' on server oministack-shard-00-01-dwiob.mongodb.net:27017. The full response is { "ok" : 0, "errmsg" : "bad auth Authentication failed.", "code" : 8000, "codeName" : "AtlasError" }
	at mflix.api.daos.DeleteCommentTest.setUp(DeleteCommentTest.java:49)

testDeleteOfOwnedComment(mflix.api.daos.DeleteCommentTest)  Time elapsed: 1.049 s  <<< ERROR!
java.lang.IllegalArgumentException
	at mflix.api.daos.DeleteCommentTest.tearDown(DeleteCommentTest.java:93)

testDeleteNotOwnedComment(mflix.api.daos.DeleteCommentTest)  Time elapsed: 1.104 s  <<< ERROR!
com.mongodb.MongoSecurityException: Exception authenticating MongoCredential{mechanism=SCRAM-SHA-1, userName='m220-student', source='admin', password=<hidden>, mechanismProperties={}}
	at mflix.api.daos.DeleteCommentTest.setUp(DeleteCommentTest.java:49)
Caused by: com.mongodb.MongoCommandException: Command failed with error 8000 (AtlasError): 'bad auth Authentication failed.' on server oministack-shard-00-01-dwiob.mongodb.net:27017. The full response is { "ok" : 0, "errmsg" : "bad auth Authentication failed.", "code" : 8000, "codeName" : "AtlasError" }
	at mflix.api.daos.DeleteCommentTest.setUp(DeleteCommentTest.java:49)

testDeleteNotOwnedComment(mflix.api.daos.DeleteCommentTest)  Time elapsed: 1.104 s  <<< ERROR!
java.lang.IllegalArgumentException
	at mflix.api.daos.DeleteCommentTest.tearDown(DeleteCommentTest.java:93)

testDeleteNonExistingComment(mflix.api.daos.DeleteCommentTest)  Time elapsed: 1.087 s  <<< ERROR!
com.mongodb.MongoSecurityException: Exception authenticating MongoCredential{mechanism=SCRAM-SHA-1, userName='m220-student', source='admin', password=<hidden>, mechanismProperties={}}
	at mflix.api.daos.DeleteCommentTest.setUp(DeleteCommentTest.java:49)
Caused by: com.mongodb.MongoCommandException: Command failed with error 8000 (AtlasError): 'bad auth Authentication failed.' on server oministack-shard-00-01-dwiob.mongodb.net:27017. The full response is { "ok" : 0, "errmsg" : "bad auth Authentication failed.", "code" : 8000, "codeName" : "AtlasError" }
	at mflix.api.daos.DeleteCommentTest.setUp(DeleteCommentTest.java:49)

testDeleteNonExistingComment(mflix.api.daos.DeleteCommentTest)  Time elapsed: 1.087 s  <<< ERROR!
java.lang.IllegalArgumentException
	at mflix.api.daos.DeleteCommentTest.tearDown(DeleteCommentTest.java:93)

