-------------------------------------------------------------------------------
Test set: mflix.api.daos.GetCommentsTest
-------------------------------------------------------------------------------
Tests run: 6, Failures: 0, Errors: 6, Skipped: 0, Time elapsed: 6.657 s <<< FAILURE! - in mflix.api.daos.GetCommentsTest
testGetMovieComments(mflix.api.daos.GetCommentsTest)  Time elapsed: 2.147 s  <<< ERROR!
com.mongodb.MongoSecurityException: Exception authenticating MongoCredential{mechanism=SCRAM-SHA-1, userName='m220-student', source='admin', password=<hidden>, mechanismProperties={}}
	at mflix.api.daos.GetCommentsTest.InsertComment(GetCommentsTest.java:45)
	at mflix.api.daos.GetCommentsTest.setUp(GetCommentsTest.java:59)
Caused by: com.mongodb.MongoCommandException: Command failed with error 8000 (AtlasError): 'bad auth Authentication failed.' on server oministack-shard-00-01-dwiob.mongodb.net:27017. The full response is { "ok" : 0, "errmsg" : "bad auth Authentication failed.", "code" : 8000, "codeName" : "AtlasError" }
	at mflix.api.daos.GetCommentsTest.InsertComment(GetCommentsTest.java:45)
	at mflix.api.daos.GetCommentsTest.setUp(GetCommentsTest.java:59)

testGetMovieComments(mflix.api.daos.GetCommentsTest)  Time elapsed: 2.147 s  <<< ERROR!
com.mongodb.MongoSecurityException: Exception authenticating MongoCredential{mechanism=SCRAM-SHA-1, userName='m220-student', source='admin', password=<hidden>, mechanismProperties={}}
	at mflix.api.daos.GetCommentsTest.tearDown(GetCommentsTest.java:52)
Caused by: com.mongodb.MongoCommandException: Command failed with error 8000 (AtlasError): 'bad auth Authentication failed.' on server oministack-shard-00-01-dwiob.mongodb.net:27017. The full response is { "ok" : 0, "errmsg" : "bad auth Authentication failed.", "code" : 8000, "codeName" : "AtlasError" }
	at mflix.api.daos.GetCommentsTest.tearDown(GetCommentsTest.java:52)

testInsertedComment(mflix.api.daos.GetCommentsTest)  Time elapsed: 2.316 s  <<< ERROR!
com.mongodb.MongoSecurityException: Exception authenticating MongoCredential{mechanism=SCRAM-SHA-1, userName='m220-student', source='admin', password=<hidden>, mechanismProperties={}}
	at mflix.api.daos.GetCommentsTest.InsertComment(GetCommentsTest.java:45)
	at mflix.api.daos.GetCommentsTest.setUp(GetCommentsTest.java:59)
Caused by: com.mongodb.MongoCommandException: Command failed with error 8000 (AtlasError): 'bad auth Authentication failed.' on server oministack-shard-00-01-dwiob.mongodb.net:27017. The full response is { "ok" : 0, "errmsg" : "bad auth Authentication failed.", "code" : 8000, "codeName" : "AtlasError" }
	at mflix.api.daos.GetCommentsTest.InsertComment(GetCommentsTest.java:45)
	at mflix.api.daos.GetCommentsTest.setUp(GetCommentsTest.java:59)

testInsertedComment(mflix.api.daos.GetCommentsTest)  Time elapsed: 2.316 s  <<< ERROR!
com.mongodb.MongoSecurityException: Exception authenticating MongoCredential{mechanism=SCRAM-SHA-1, userName='m220-student', source='admin', password=<hidden>, mechanismProperties={}}
	at mflix.api.daos.GetCommentsTest.tearDown(GetCommentsTest.java:52)
Caused by: com.mongodb.MongoCommandException: Command failed with error 8000 (AtlasError): 'bad auth Authentication failed.' on server oministack-shard-00-01-dwiob.mongodb.net:27017. The full response is { "ok" : 0, "errmsg" : "bad auth Authentication failed.", "code" : 8000, "codeName" : "AtlasError" }
	at mflix.api.daos.GetCommentsTest.tearDown(GetCommentsTest.java:52)

testCommentsMovieIdNonExisting(mflix.api.daos.GetCommentsTest)  Time elapsed: 2.181 s  <<< ERROR!
com.mongodb.MongoSecurityException: Exception authenticating MongoCredential{mechanism=SCRAM-SHA-1, userName='m220-student', source='admin', password=<hidden>, mechanismProperties={}}
	at mflix.api.daos.GetCommentsTest.InsertComment(GetCommentsTest.java:45)
	at mflix.api.daos.GetCommentsTest.setUp(GetCommentsTest.java:59)
Caused by: com.mongodb.MongoCommandException: Command failed with error 8000 (AtlasError): 'bad auth Authentication failed.' on server oministack-shard-00-01-dwiob.mongodb.net:27017. The full response is { "ok" : 0, "errmsg" : "bad auth Authentication failed.", "code" : 8000, "codeName" : "AtlasError" }
	at mflix.api.daos.GetCommentsTest.InsertComment(GetCommentsTest.java:45)
	at mflix.api.daos.GetCommentsTest.setUp(GetCommentsTest.java:59)

testCommentsMovieIdNonExisting(mflix.api.daos.GetCommentsTest)  Time elapsed: 2.181 s  <<< ERROR!
com.mongodb.MongoSecurityException: Exception authenticating MongoCredential{mechanism=SCRAM-SHA-1, userName='m220-student', source='admin', password=<hidden>, mechanismProperties={}}
	at mflix.api.daos.GetCommentsTest.tearDown(GetCommentsTest.java:52)
Caused by: com.mongodb.MongoCommandException: Command failed with error 8000 (AtlasError): 'bad auth Authentication failed.' on server oministack-shard-00-01-dwiob.mongodb.net:27017. The full response is { "ok" : 0, "errmsg" : "bad auth Authentication failed.", "code" : 8000, "codeName" : "AtlasError" }
	at mflix.api.daos.GetCommentsTest.tearDown(GetCommentsTest.java:52)

