-------------------------------------------------------------------------------
Test set: mflix.api.daos.UpdateCreateCommentTest
-------------------------------------------------------------------------------
Tests run: 10, Failures: 0, Errors: 10, Skipped: 0, Time elapsed: 10.902 s <<< FAILURE! - in mflix.api.daos.UpdateCreateCommentTest
testUserAddCommentWithNoID(mflix.api.daos.UpdateCreateCommentTest)  Time elapsed: 2.173 s  <<< ERROR!
com.mongodb.MongoSecurityException: Exception authenticating MongoCredential{mechanism=SCRAM-SHA-1, userName='m220-student', source='admin', password=<hidden>, mechanismProperties={}}
	at mflix.api.daos.UpdateCreateCommentTest.removeFakeComment(UpdateCreateCommentTest.java:57)
	at mflix.api.daos.UpdateCreateCommentTest.setUp(UpdateCreateCommentTest.java:48)
Caused by: com.mongodb.MongoCommandException: Command failed with error 8000 (AtlasError): 'bad auth Authentication failed.' on server oministack-shard-00-01-dwiob.mongodb.net:27017. The full response is { "ok" : 0, "errmsg" : "bad auth Authentication failed.", "code" : 8000, "codeName" : "AtlasError" }
	at mflix.api.daos.UpdateCreateCommentTest.removeFakeComment(UpdateCreateCommentTest.java:57)
	at mflix.api.daos.UpdateCreateCommentTest.setUp(UpdateCreateCommentTest.java:48)

testUserAddCommentWithNoID(mflix.api.daos.UpdateCreateCommentTest)  Time elapsed: 2.174 s  <<< ERROR!
com.mongodb.MongoSecurityException: Exception authenticating MongoCredential{mechanism=SCRAM-SHA-1, userName='m220-student', source='admin', password=<hidden>, mechanismProperties={}}
	at mflix.api.daos.UpdateCreateCommentTest.removeFakeComment(UpdateCreateCommentTest.java:57)
	at mflix.api.daos.UpdateCreateCommentTest.tearDown(UpdateCreateCommentTest.java:53)
Caused by: com.mongodb.MongoCommandException: Command failed with error 8000 (AtlasError): 'bad auth Authentication failed.' on server oministack-shard-00-01-dwiob.mongodb.net:27017. The full response is { "ok" : 0, "errmsg" : "bad auth Authentication failed.", "code" : 8000, "codeName" : "AtlasError" }
	at mflix.api.daos.UpdateCreateCommentTest.removeFakeComment(UpdateCreateCommentTest.java:57)
	at mflix.api.daos.UpdateCreateCommentTest.tearDown(UpdateCreateCommentTest.java:53)

testAddCommentUsingObjectId(mflix.api.daos.UpdateCreateCommentTest)  Time elapsed: 2.181 s  <<< ERROR!
com.mongodb.MongoSecurityException: Exception authenticating MongoCredential{mechanism=SCRAM-SHA-1, userName='m220-student', source='admin', password=<hidden>, mechanismProperties={}}
	at mflix.api.daos.UpdateCreateCommentTest.removeFakeComment(UpdateCreateCommentTest.java:57)
	at mflix.api.daos.UpdateCreateCommentTest.setUp(UpdateCreateCommentTest.java:48)
Caused by: com.mongodb.MongoCommandException: Command failed with error 8000 (AtlasError): 'bad auth Authentication failed.' on server oministack-shard-00-01-dwiob.mongodb.net:27017. The full response is { "ok" : 0, "errmsg" : "bad auth Authentication failed.", "code" : 8000, "codeName" : "AtlasError" }
	at mflix.api.daos.UpdateCreateCommentTest.removeFakeComment(UpdateCreateCommentTest.java:57)
	at mflix.api.daos.UpdateCreateCommentTest.setUp(UpdateCreateCommentTest.java:48)

testAddCommentUsingObjectId(mflix.api.daos.UpdateCreateCommentTest)  Time elapsed: 2.182 s  <<< ERROR!
com.mongodb.MongoSecurityException: Exception authenticating MongoCredential{mechanism=SCRAM-SHA-1, userName='m220-student', source='admin', password=<hidden>, mechanismProperties={}}
	at mflix.api.daos.UpdateCreateCommentTest.removeFakeComment(UpdateCreateCommentTest.java:57)
	at mflix.api.daos.UpdateCreateCommentTest.tearDown(UpdateCreateCommentTest.java:53)
Caused by: com.mongodb.MongoCommandException: Command failed with error 8000 (AtlasError): 'bad auth Authentication failed.' on server oministack-shard-00-01-dwiob.mongodb.net:27017. The full response is { "ok" : 0, "errmsg" : "bad auth Authentication failed.", "code" : 8000, "codeName" : "AtlasError" }
	at mflix.api.daos.UpdateCreateCommentTest.removeFakeComment(UpdateCreateCommentTest.java:57)
	at mflix.api.daos.UpdateCreateCommentTest.tearDown(UpdateCreateCommentTest.java:53)

testUserUpdatesOwnComments(mflix.api.daos.UpdateCreateCommentTest)  Time elapsed: 2.162 s  <<< ERROR!
com.mongodb.MongoSecurityException: Exception authenticating MongoCredential{mechanism=SCRAM-SHA-1, userName='m220-student', source='admin', password=<hidden>, mechanismProperties={}}
	at mflix.api.daos.UpdateCreateCommentTest.removeFakeComment(UpdateCreateCommentTest.java:57)
	at mflix.api.daos.UpdateCreateCommentTest.setUp(UpdateCreateCommentTest.java:48)
Caused by: com.mongodb.MongoCommandException: Command failed with error 8000 (AtlasError): 'bad auth Authentication failed.' on server oministack-shard-00-01-dwiob.mongodb.net:27017. The full response is { "ok" : 0, "errmsg" : "bad auth Authentication failed.", "code" : 8000, "codeName" : "AtlasError" }
	at mflix.api.daos.UpdateCreateCommentTest.removeFakeComment(UpdateCreateCommentTest.java:57)
	at mflix.api.daos.UpdateCreateCommentTest.setUp(UpdateCreateCommentTest.java:48)

testUserUpdatesOwnComments(mflix.api.daos.UpdateCreateCommentTest)  Time elapsed: 2.163 s  <<< ERROR!
com.mongodb.MongoSecurityException: Exception authenticating MongoCredential{mechanism=SCRAM-SHA-1, userName='m220-student', source='admin', password=<hidden>, mechanismProperties={}}
	at mflix.api.daos.UpdateCreateCommentTest.removeFakeComment(UpdateCreateCommentTest.java:57)
	at mflix.api.daos.UpdateCreateCommentTest.tearDown(UpdateCreateCommentTest.java:53)
Caused by: com.mongodb.MongoCommandException: Command failed with error 8000 (AtlasError): 'bad auth Authentication failed.' on server oministack-shard-00-01-dwiob.mongodb.net:27017. The full response is { "ok" : 0, "errmsg" : "bad auth Authentication failed.", "code" : 8000, "codeName" : "AtlasError" }
	at mflix.api.daos.UpdateCreateCommentTest.removeFakeComment(UpdateCreateCommentTest.java:57)
	at mflix.api.daos.UpdateCreateCommentTest.tearDown(UpdateCreateCommentTest.java:53)

testUserFailsUpdateOthersComments(mflix.api.daos.UpdateCreateCommentTest)  Time elapsed: 2.183 s  <<< ERROR!
com.mongodb.MongoSecurityException: Exception authenticating MongoCredential{mechanism=SCRAM-SHA-1, userName='m220-student', source='admin', password=<hidden>, mechanismProperties={}}
	at mflix.api.daos.UpdateCreateCommentTest.removeFakeComment(UpdateCreateCommentTest.java:57)
	at mflix.api.daos.UpdateCreateCommentTest.setUp(UpdateCreateCommentTest.java:48)
Caused by: com.mongodb.MongoCommandException: Command failed with error 8000 (AtlasError): 'bad auth Authentication failed.' on server oministack-shard-00-01-dwiob.mongodb.net:27017. The full response is { "ok" : 0, "errmsg" : "bad auth Authentication failed.", "code" : 8000, "codeName" : "AtlasError" }
	at mflix.api.daos.UpdateCreateCommentTest.removeFakeComment(UpdateCreateCommentTest.java:57)
	at mflix.api.daos.UpdateCreateCommentTest.setUp(UpdateCreateCommentTest.java:48)

testUserFailsUpdateOthersComments(mflix.api.daos.UpdateCreateCommentTest)  Time elapsed: 2.185 s  <<< ERROR!
com.mongodb.MongoSecurityException: Exception authenticating MongoCredential{mechanism=SCRAM-SHA-1, userName='m220-student', source='admin', password=<hidden>, mechanismProperties={}}
	at mflix.api.daos.UpdateCreateCommentTest.removeFakeComment(UpdateCreateCommentTest.java:57)
	at mflix.api.daos.UpdateCreateCommentTest.tearDown(UpdateCreateCommentTest.java:53)
Caused by: com.mongodb.MongoCommandException: Command failed with error 8000 (AtlasError): 'bad auth Authentication failed.' on server oministack-shard-00-01-dwiob.mongodb.net:27017. The full response is { "ok" : 0, "errmsg" : "bad auth Authentication failed.", "code" : 8000, "codeName" : "AtlasError" }
	at mflix.api.daos.UpdateCreateCommentTest.removeFakeComment(UpdateCreateCommentTest.java:57)
	at mflix.api.daos.UpdateCreateCommentTest.tearDown(UpdateCreateCommentTest.java:53)

testAddCommentWithId(mflix.api.daos.UpdateCreateCommentTest)  Time elapsed: 2.179 s  <<< ERROR!
com.mongodb.MongoSecurityException: Exception authenticating MongoCredential{mechanism=SCRAM-SHA-1, userName='m220-student', source='admin', password=<hidden>, mechanismProperties={}}
	at mflix.api.daos.UpdateCreateCommentTest.removeFakeComment(UpdateCreateCommentTest.java:57)
	at mflix.api.daos.UpdateCreateCommentTest.setUp(UpdateCreateCommentTest.java:48)
Caused by: com.mongodb.MongoCommandException: Command failed with error 8000 (AtlasError): 'bad auth Authentication failed.' on server oministack-shard-00-01-dwiob.mongodb.net:27017. The full response is { "ok" : 0, "errmsg" : "bad auth Authentication failed.", "code" : 8000, "codeName" : "AtlasError" }
	at mflix.api.daos.UpdateCreateCommentTest.removeFakeComment(UpdateCreateCommentTest.java:57)
	at mflix.api.daos.UpdateCreateCommentTest.setUp(UpdateCreateCommentTest.java:48)

testAddCommentWithId(mflix.api.daos.UpdateCreateCommentTest)  Time elapsed: 2.18 s  <<< ERROR!
com.mongodb.MongoSecurityException: Exception authenticating MongoCredential{mechanism=SCRAM-SHA-1, userName='m220-student', source='admin', password=<hidden>, mechanismProperties={}}
	at mflix.api.daos.UpdateCreateCommentTest.removeFakeComment(UpdateCreateCommentTest.java:57)
	at mflix.api.daos.UpdateCreateCommentTest.tearDown(UpdateCreateCommentTest.java:53)
Caused by: com.mongodb.MongoCommandException: Command failed with error 8000 (AtlasError): 'bad auth Authentication failed.' on server oministack-shard-00-01-dwiob.mongodb.net:27017. The full response is { "ok" : 0, "errmsg" : "bad auth Authentication failed.", "code" : 8000, "codeName" : "AtlasError" }
	at mflix.api.daos.UpdateCreateCommentTest.removeFakeComment(UpdateCreateCommentTest.java:57)
	at mflix.api.daos.UpdateCreateCommentTest.tearDown(UpdateCreateCommentTest.java:53)

