-------------------------------------------------------------------------------
Test set: mflix.api.daos.PagingTest
-------------------------------------------------------------------------------
Tests run: 4, Failures: 0, Errors: 4, Skipped: 0, Time elapsed: 3.255 s <<< FAILURE! - in mflix.api.daos.PagingTest
testPagingByCast(mflix.api.daos.PagingTest)  Time elapsed: 0 s  <<< ERROR!
java.lang.IllegalArgumentException: filter can not be null
	at mflix.api.daos.PagingTest.testPagingByCast(PagingTest.java:44)

testPagingByText(mflix.api.daos.PagingTest)  Time elapsed: 1.087 s  <<< ERROR!
com.mongodb.MongoSecurityException: Exception authenticating MongoCredential{mechanism=SCRAM-SHA-1, userName='m220-student', source='admin', password=<hidden>, mechanismProperties={}}
	at mflix.api.daos.PagingTest.testPagingByText(PagingTest.java:121)
Caused by: com.mongodb.MongoCommandException: Command failed with error 8000 (AtlasError): 'bad auth Authentication failed.' on server oministack-shard-00-01-dwiob.mongodb.net:27017. The full response is { "ok" : 0, "errmsg" : "bad auth Authentication failed.", "code" : 8000, "codeName" : "AtlasError" }
	at mflix.api.daos.PagingTest.testPagingByText(PagingTest.java:121)

testPagingByTextAndSkip(mflix.api.daos.PagingTest)  Time elapsed: 1.073 s  <<< ERROR!
com.mongodb.MongoSecurityException: Exception authenticating MongoCredential{mechanism=SCRAM-SHA-1, userName='m220-student', source='admin', password=<hidden>, mechanismProperties={}}
	at mflix.api.daos.PagingTest.testPagingByTextAndSkip(PagingTest.java:143)
Caused by: com.mongodb.MongoCommandException: Command failed with error 8000 (AtlasError): 'bad auth Authentication failed.' on server oministack-shard-00-01-dwiob.mongodb.net:27017. The full response is { "ok" : 0, "errmsg" : "bad auth Authentication failed.", "code" : 8000, "codeName" : "AtlasError" }
	at mflix.api.daos.PagingTest.testPagingByTextAndSkip(PagingTest.java:143)

testPagingByGenre(mflix.api.daos.PagingTest)  Time elapsed: 1.081 s  <<< ERROR!
com.mongodb.MongoSecurityException: Exception authenticating MongoCredential{mechanism=SCRAM-SHA-1, userName='m220-student', source='admin', password=<hidden>, mechanismProperties={}}
	at mflix.api.daos.PagingTest.testPagingByGenre(PagingTest.java:85)
Caused by: com.mongodb.MongoCommandException: Command failed with error 8000 (AtlasError): 'bad auth Authentication failed.' on server oministack-shard-00-01-dwiob.mongodb.net:27017. The full response is { "ok" : 0, "errmsg" : "bad auth Authentication failed.", "code" : 8000, "codeName" : "AtlasError" }
	at mflix.api.daos.PagingTest.testPagingByGenre(PagingTest.java:85)

