-------------------------------------------------------------------------------
Test set: mflix.api.daos.UserTest
-------------------------------------------------------------------------------
Tests run: 8, Failures: 0, Errors: 8, Skipped: 0, Time elapsed: 8.619 s <<< FAILURE! - in mflix.api.daos.UserTest
testLogin(mflix.api.daos.UserTest)  Time elapsed: 2.164 s  <<< ERROR!
com.mongodb.MongoSecurityException: Exception authenticating MongoCredential{mechanism=SCRAM-SHA-1, userName='m220-student', source='admin', password=<hidden>, mechanismProperties={}}
	at mflix.api.daos.UserTest.setup(UserTest.java:51)
Caused by: com.mongodb.MongoCommandException: Command failed with error 8000 (AtlasError): 'bad auth Authentication failed.' on server oministack-shard-00-01-dwiob.mongodb.net:27017. The full response is { "ok" : 0, "errmsg" : "bad auth Authentication failed.", "code" : 8000, "codeName" : "AtlasError" }
	at mflix.api.daos.UserTest.setup(UserTest.java:51)

testLogin(mflix.api.daos.UserTest)  Time elapsed: 2.165 s  <<< ERROR!
com.mongodb.MongoSecurityException: Exception authenticating MongoCredential{mechanism=SCRAM-SHA-1, userName='m220-student', source='admin', password=<hidden>, mechanismProperties={}}
	at mflix.api.daos.UserTest.tearDownClass(UserTest.java:57)
Caused by: com.mongodb.MongoCommandException: Command failed with error 8000 (AtlasError): 'bad auth Authentication failed.' on server oministack-shard-00-01-dwiob.mongodb.net:27017. The full response is { "ok" : 0, "errmsg" : "bad auth Authentication failed.", "code" : 8000, "codeName" : "AtlasError" }
	at mflix.api.daos.UserTest.tearDownClass(UserTest.java:57)

testRegisterUser(mflix.api.daos.UserTest)  Time elapsed: 2.146 s  <<< ERROR!
com.mongodb.MongoSecurityException: Exception authenticating MongoCredential{mechanism=SCRAM-SHA-1, userName='m220-student', source='admin', password=<hidden>, mechanismProperties={}}
	at mflix.api.daos.UserTest.setup(UserTest.java:51)
Caused by: com.mongodb.MongoCommandException: Command failed with error 8000 (AtlasError): 'bad auth Authentication failed.' on server oministack-shard-00-01-dwiob.mongodb.net:27017. The full response is { "ok" : 0, "errmsg" : "bad auth Authentication failed.", "code" : 8000, "codeName" : "AtlasError" }
	at mflix.api.daos.UserTest.setup(UserTest.java:51)

testRegisterUser(mflix.api.daos.UserTest)  Time elapsed: 2.147 s  <<< ERROR!
com.mongodb.MongoSecurityException: Exception authenticating MongoCredential{mechanism=SCRAM-SHA-1, userName='m220-student', source='admin', password=<hidden>, mechanismProperties={}}
	at mflix.api.daos.UserTest.tearDownClass(UserTest.java:57)
Caused by: com.mongodb.MongoCommandException: Command failed with error 8000 (AtlasError): 'bad auth Authentication failed.' on server oministack-shard-00-01-dwiob.mongodb.net:27017. The full response is { "ok" : 0, "errmsg" : "bad auth Authentication failed.", "code" : 8000, "codeName" : "AtlasError" }
	at mflix.api.daos.UserTest.tearDownClass(UserTest.java:57)

testDeleteUser(mflix.api.daos.UserTest)  Time elapsed: 2.13 s  <<< ERROR!
com.mongodb.MongoSecurityException: Exception authenticating MongoCredential{mechanism=SCRAM-SHA-1, userName='m220-student', source='admin', password=<hidden>, mechanismProperties={}}
	at mflix.api.daos.UserTest.setup(UserTest.java:51)
Caused by: com.mongodb.MongoCommandException: Command failed with error 8000 (AtlasError): 'bad auth Authentication failed.' on server oministack-shard-00-01-dwiob.mongodb.net:27017. The full response is { "ok" : 0, "errmsg" : "bad auth Authentication failed.", "code" : 8000, "codeName" : "AtlasError" }
	at mflix.api.daos.UserTest.setup(UserTest.java:51)

testDeleteUser(mflix.api.daos.UserTest)  Time elapsed: 2.131 s  <<< ERROR!
com.mongodb.MongoSecurityException: Exception authenticating MongoCredential{mechanism=SCRAM-SHA-1, userName='m220-student', source='admin', password=<hidden>, mechanismProperties={}}
	at mflix.api.daos.UserTest.tearDownClass(UserTest.java:57)
Caused by: com.mongodb.MongoCommandException: Command failed with error 8000 (AtlasError): 'bad auth Authentication failed.' on server oministack-shard-00-01-dwiob.mongodb.net:27017. The full response is { "ok" : 0, "errmsg" : "bad auth Authentication failed.", "code" : 8000, "codeName" : "AtlasError" }
	at mflix.api.daos.UserTest.tearDownClass(UserTest.java:57)

testLogout(mflix.api.daos.UserTest)  Time elapsed: 2.158 s  <<< ERROR!
com.mongodb.MongoSecurityException: Exception authenticating MongoCredential{mechanism=SCRAM-SHA-1, userName='m220-student', source='admin', password=<hidden>, mechanismProperties={}}
	at mflix.api.daos.UserTest.setup(UserTest.java:51)
Caused by: com.mongodb.MongoCommandException: Command failed with error 8000 (AtlasError): 'bad auth Authentication failed.' on server oministack-shard-00-01-dwiob.mongodb.net:27017. The full response is { "ok" : 0, "errmsg" : "bad auth Authentication failed.", "code" : 8000, "codeName" : "AtlasError" }
	at mflix.api.daos.UserTest.setup(UserTest.java:51)

testLogout(mflix.api.daos.UserTest)  Time elapsed: 2.158 s  <<< ERROR!
com.mongodb.MongoSecurityException: Exception authenticating MongoCredential{mechanism=SCRAM-SHA-1, userName='m220-student', source='admin', password=<hidden>, mechanismProperties={}}
	at mflix.api.daos.UserTest.tearDownClass(UserTest.java:57)
Caused by: com.mongodb.MongoCommandException: Command failed with error 8000 (AtlasError): 'bad auth Authentication failed.' on server oministack-shard-00-01-dwiob.mongodb.net:27017. The full response is { "ok" : 0, "errmsg" : "bad auth Authentication failed.", "code" : 8000, "codeName" : "AtlasError" }
	at mflix.api.daos.UserTest.tearDownClass(UserTest.java:57)

