<?xml version="1.0" encoding="UTF-8"?>
<testsuite xmlns:xsi="http://www.w3.org/2001/XMLSchema-instance" xsi:noNamespaceSchemaLocation="https://maven.apache.org/surefire/maven-surefire-plugin/xsd/surefire-test-report.xsd" name="mflix.api.daos.TimeoutsTest" time="0.623" tests="2" errors="2" skipped="0" failures="0">
  <properties>
[...]
</properties>
  <testcase name="testConfiguredConnectionTimeoutMs" classname="mflix.api.daos.TimeoutsTest" time="0.013">
    <error type="java.lang.NullPointerException">java.lang.NullPointerException
	at mflix.api.daos.TimeoutsTest.testConfiguredConnectionTimeoutMs(TimeoutsTest.java:58)
</error>
    <system-out><![CDATA[2019-10-16 15:52:53.193  INFO 17774 --- [           main] .b.t.c.SpringBootTestContextBootstrapper : Neither @ContextConfiguration nor @ContextHierarchy found for test class [mflix.api.daos.TimeoutsTest], using SpringBootContextLoader
2019-10-16 15:52:53.196  INFO 17774 --- [           main] o.s.t.c.support.AbstractContextLoader    : Could not detect default resource locations for test class [mflix.api.daos.TimeoutsTest]: no resource found for suffixes {-context.xml, Context.groovy}.
2019-10-16 15:52:53.206  INFO 17774 --- [           main] .b.t.c.SpringBootTestContextBootstrapper : Loaded default TestExecutionListener class names from location [META-INF/spring.factories]: [org.springframework.boot.test.mock.mockito.MockitoTestExecutionListener, org.springframework.boot.test.mock.mockito.ResetMocksTestExecutionListener, org.springframework.boot.test.autoconfigure.restdocs.RestDocsTestExecutionListener, org.springframework.boot.test.autoconfigure.web.client.MockRestServiceServerResetTestExecutionListener, org.springframework.boot.test.autoconfigure.web.servlet.MockMvcPrintOnlyOnFailureTestExecutionListener, org.springframework.boot.test.autoconfigure.web.servlet.WebDriverTestExecutionListener, org.springframework.test.context.web.ServletTestExecutionListener, org.springframework.test.context.support.DirtiesContextBeforeModesTestExecutionListener, org.springframework.test.context.support.DependencyInjectionTestExecutionListener, org.springframework.test.context.support.DirtiesContextTestExecutionListener, org.springframework.test.context.transaction.TransactionalTestExecutionListener, org.springframework.test.context.jdbc.SqlScriptsTestExecutionListener]
2019-10-16 15:52:53.208  INFO 17774 --- [           main] .b.t.c.SpringBootTestContextBootstrapper : Using TestExecutionListeners: [org.springframework.test.context.web.ServletTestExecutionListener@54e3658c, org.springframework.test.context.support.DirtiesContextBeforeModesTestExecutionListener@43e9089, org.springframework.boot.test.mock.mockito.MockitoTestExecutionListener@3c5dbdf8, org.springframework.boot.test.autoconfigure.SpringBootDependencyInjectionTestExecutionListener@352c44a8, org.springframework.test.context.support.DirtiesContextTestExecutionListener@7aac8884, org.springframework.boot.test.mock.mockito.ResetMocksTestExecutionListener@a66e580, org.springframework.boot.test.autoconfigure.restdocs.RestDocsTestExecutionListener@5b852b49, org.springframework.boot.test.autoconfigure.web.client.MockRestServiceServerResetTestExecutionListener@cdb2d95, org.springframework.boot.test.autoconfigure.web.servlet.MockMvcPrintOnlyOnFailureTestExecutionListener@122d6c22, org.springframework.boot.test.autoconfigure.web.servlet.WebDriverTestExecutionListener@2f5ac102]

  .   ____          _            __ _ _
 /\\ / ___'_ __ _ _(_)_ __  __ _ \ \ \ \
( ( )\___ | '_ | '_| | '_ \/ _` | \ \ \ \
 \\/  ___)| |_)| | | | | || (_| |  ) ) ) )
  '  |____| .__|_| |_|_| |_\__, | / / / /
 =========|_|==============|___/=/_/_/_/
 :: Spring Boot ::        (v2.0.4.RELEASE)

2019-10-16 15:52:53.239  INFO 17774 --- [           main] mflix.api.daos.TimeoutsTest              : Starting TimeoutsTest on joaosilva-thinkpad-e480 with PID 17774 (started by joaosilva in /home/joaosilva/playspace/m220/mflix)
2019-10-16 15:52:53.240  INFO 17774 --- [           main] mflix.api.daos.TimeoutsTest              : No active profile set, falling back to default profiles: default
2019-10-16 15:52:53.242  INFO 17774 --- [           main] o.s.w.c.s.GenericWebApplicationContext   : Refreshing org.springframework.web.context.support.GenericWebApplicationContext@7e74a380: startup date [Wed Oct 16 15:52:53 BRT 2019]; root of context hierarchy
2019-10-16 15:52:53.428  INFO 17774 --- [           main] org.mongodb.driver.cluster               : Cluster created with settings {hosts=[oministack-shard-00-02-dwiob.mongodb.net:27017, oministack-shard-00-01-dwiob.mongodb.net:27017, oministack-shard-00-00-dwiob.mongodb.net:27017], mode=MULTIPLE, requiredClusterType=REPLICA_SET, serverSelectionTimeout='30000 ms', maxWaitQueueSize=500, requiredReplicaSetName='Oministack-shard-0'}
2019-10-16 15:52:53.429  INFO 17774 --- [           main] org.mongodb.driver.cluster               : Adding discovered server oministack-shard-00-02-dwiob.mongodb.net:27017 to client view of cluster
2019-10-16 15:52:53.429  INFO 17774 --- [           main] org.mongodb.driver.cluster               : Adding discovered server oministack-shard-00-01-dwiob.mongodb.net:27017 to client view of cluster
2019-10-16 15:52:53.430  INFO 17774 --- [           main] org.mongodb.driver.cluster               : Adding discovered server oministack-shard-00-00-dwiob.mongodb.net:27017 to client view of cluster
2019-10-16 15:52:53.551  INFO 17774 --- [           main] o.s.w.s.handler.SimpleUrlHandlerMapping  : Mapped URL path [/**/favicon.ico] onto handler of type [class org.springframework.web.servlet.resource.ResourceHttpRequestHandler]
2019-10-16 15:52:53.618  INFO 17774 --- [           main] s.w.s.m.m.a.RequestMappingHandlerAdapter : Looking for @ControllerAdvice: org.springframework.web.context.support.GenericWebApplicationContext@7e74a380: startup date [Wed Oct 16 15:52:53 BRT 2019]; root of context hierarchy
2019-10-16 15:52:53.628  INFO 17774 --- [           main] s.w.s.m.m.a.RequestMappingHandlerMapping : Mapped "{[/error],produces=[text/html]}" onto public org.springframework.web.servlet.ModelAndView org.springframework.boot.autoconfigure.web.servlet.error.BasicErrorController.errorHtml(javax.servlet.http.HttpServletRequest,javax.servlet.http.HttpServletResponse)
2019-10-16 15:52:53.628  INFO 17774 --- [           main] s.w.s.m.m.a.RequestMappingHandlerMapping : Mapped "{[/error]}" onto public org.springframework.http.ResponseEntity<java.util.Map<java.lang.String, java.lang.Object>> org.springframework.boot.autoconfigure.web.servlet.error.BasicErrorController.error(javax.servlet.http.HttpServletRequest)
2019-10-16 15:52:53.642  INFO 17774 --- [           main] o.s.w.s.handler.SimpleUrlHandlerMapping  : Mapped URL path [/webjars/**] onto handler of type [class org.springframework.web.servlet.resource.ResourceHttpRequestHandler]
2019-10-16 15:52:53.642  INFO 17774 --- [           main] o.s.w.s.handler.SimpleUrlHandlerMapping  : Mapped URL path [/**] onto handler of type [class org.springframework.web.servlet.resource.ResourceHttpRequestHandler]
2019-10-16 15:52:53.662  INFO 17774 --- [           main] o.s.b.a.w.s.WelcomePageHandlerMapping    : Adding welcome page: class path resource [build/index.html]
2019-10-16 15:52:53.734  INFO 17774 --- [           main] .s.s.UserDetailsServiceAutoConfiguration : 

Using generated security password: 6a35a878-0e7c-481f-adb0-3ef262a026d5

2019-10-16 15:52:53.788  INFO 17774 --- [           main] o.s.s.web.DefaultSecurityFilterChain     : Creating filter chain: org.springframework.security.web.util.matcher.AnyRequestMatcher@1, [org.springframework.security.web.context.request.async.WebAsyncManagerIntegrationFilter@50f097b5, org.springframework.security.web.context.SecurityContextPersistenceFilter@79b2852b, org.springframework.security.web.header.HeaderWriterFilter@78a0ff63, org.springframework.security.web.csrf.CsrfFilter@169268a7, org.springframework.security.web.authentication.logout.LogoutFilter@5cc9d3d0, org.springframework.security.web.authentication.UsernamePasswordAuthenticationFilter@4860827a, org.springframework.security.web.authentication.ui.DefaultLoginPageGeneratingFilter@313f8301, org.springframework.security.web.authentication.www.BasicAuthenticationFilter@404db674, org.springframework.security.web.savedrequest.RequestCacheAwareFilter@326d27ac, org.springframework.security.web.servletapi.SecurityContextHolderAwareRequestFilter@4d499d65, org.springframework.security.web.authentication.AnonymousAuthenticationFilter@7add838c, org.springframework.security.web.session.SessionManagementFilter@7c601d50, org.springframework.security.web.access.ExceptionTranslationFilter@285c6918, org.springframework.security.web.access.intercept.FilterSecurityInterceptor@59ce792e]
2019-10-16 15:52:53.823  INFO 17774 --- [           main] mflix.api.daos.TimeoutsTest              : Started TimeoutsTest in 0.612 seconds (JVM running for 47.903)
2019-10-16 15:52:53.830  INFO 17774 --- [           main] org.mongodb.driver.cluster               : Cluster created with settings {hosts=[oministack-shard-00-02-dwiob.mongodb.net:27017, oministack-shard-00-01-dwiob.mongodb.net:27017, oministack-shard-00-00-dwiob.mongodb.net:27017], mode=MULTIPLE, requiredClusterType=REPLICA_SET, serverSelectionTimeout='30000 ms', maxWaitQueueSize=500, requiredReplicaSetName='Oministack-shard-0'}
2019-10-16 15:52:53.830  INFO 17774 --- [           main] org.mongodb.driver.cluster               : Adding discovered server oministack-shard-00-02-dwiob.mongodb.net:27017 to client view of cluster
2019-10-16 15:52:53.836  INFO 17774 --- [           main] org.mongodb.driver.cluster               : Adding discovered server oministack-shard-00-01-dwiob.mongodb.net:27017 to client view of cluster
2019-10-16 15:52:53.837  INFO 17774 --- [           main] org.mongodb.driver.cluster               : Adding discovered server oministack-shard-00-00-dwiob.mongodb.net:27017 to client view of cluster
]]></system-out>
  </testcase>
  <testcase name="testConfiguredWtimeout" classname="mflix.api.daos.TimeoutsTest" time="0.008">
    <error type="java.lang.NullPointerException">java.lang.NullPointerException
	at mflix.api.daos.TimeoutsTest.testConfiguredWtimeout(TimeoutsTest.java:49)
</error>
    <system-out><![CDATA[2019-10-16 15:52:53.843  INFO 17774 --- [           main] org.mongodb.driver.cluster               : Cluster created with settings {hosts=[oministack-shard-00-02-dwiob.mongodb.net:27017, oministack-shard-00-01-dwiob.mongodb.net:27017, oministack-shard-00-00-dwiob.mongodb.net:27017], mode=MULTIPLE, requiredClusterType=REPLICA_SET, serverSelectionTimeout='30000 ms', maxWaitQueueSize=500, requiredReplicaSetName='Oministack-shard-0'}
2019-10-16 15:52:53.843  INFO 17774 --- [           main] org.mongodb.driver.cluster               : Adding discovered server oministack-shard-00-02-dwiob.mongodb.net:27017 to client view of cluster
2019-10-16 15:52:53.844  INFO 17774 --- [           main] org.mongodb.driver.cluster               : Adding discovered server oministack-shard-00-01-dwiob.mongodb.net:27017 to client view of cluster
2019-10-16 15:52:53.844  INFO 17774 --- [           main] org.mongodb.driver.cluster               : Adding discovered server oministack-shard-00-00-dwiob.mongodb.net:27017 to client view of cluster
]]></system-out>
  </testcase>
</testsuite>