<?xml version="1.0" encoding="UTF-8"?>
<testsuite xmlns:xsi="http://www.w3.org/2001/XMLSchema-instance" xsi:noNamespaceSchemaLocation="https://maven.apache.org/surefire/maven-surefire-plugin/xsd/surefire-test-report.xsd" name="mflix.api.daos.HandlingErrorsTest" time="3.26" tests="3" errors="3" skipped="0" failures="0">
  <properties>
[...]
</properties>
  <testcase name="testAccessInvalidIdDocument" classname="mflix.api.daos.HandlingErrorsTest" time="1.06">
    <error message="Exception authenticating MongoCredential{mechanism=SCRAM-SHA-1, userName=&apos;m220-student&apos;, source=&apos;admin&apos;, password=&lt;hidden&gt;, mechanismProperties={}}" type="com.mongodb.MongoSecurityException"><![CDATA[com.mongodb.MongoSecurityException: Exception authenticating MongoCredential{mechanism=SCRAM-SHA-1, userName='m220-student', source='admin', password=<hidden>, mechanismProperties={}}
	at mflix.api.daos.HandlingErrorsTest.testAccessInvalidIdDocument(HandlingErrorsTest.java:51)
Caused by: com.mongodb.MongoCommandException: Command failed with error 8000 (AtlasError): 'bad auth Authentication failed.' on server oministack-shard-00-01-dwiob.mongodb.net:27017. The full response is { "ok" : 0, "errmsg" : "bad auth Authentication failed.", "code" : 8000, "codeName" : "AtlasError" }
	at mflix.api.daos.HandlingErrorsTest.testAccessInvalidIdDocument(HandlingErrorsTest.java:51)
]]></error>
    <system-out><![CDATA[2019-10-16 15:53:03.671  INFO 17774 --- [           main] .b.t.c.SpringBootTestContextBootstrapper : Neither @ContextConfiguration nor @ContextHierarchy found for test class [mflix.api.daos.HandlingErrorsTest], using SpringBootContextLoader
2019-10-16 15:53:03.672  INFO 17774 --- [           main] o.s.t.c.support.AbstractContextLoader    : Could not detect default resource locations for test class [mflix.api.daos.HandlingErrorsTest]: no resource found for suffixes {-context.xml, Context.groovy}.
2019-10-16 15:53:03.680  INFO 17774 --- [           main] .b.t.c.SpringBootTestContextBootstrapper : Loaded default TestExecutionListener class names from location [META-INF/spring.factories]: [org.springframework.boot.test.mock.mockito.MockitoTestExecutionListener, org.springframework.boot.test.mock.mockito.ResetMocksTestExecutionListener, org.springframework.boot.test.autoconfigure.restdocs.RestDocsTestExecutionListener, org.springframework.boot.test.autoconfigure.web.client.MockRestServiceServerResetTestExecutionListener, org.springframework.boot.test.autoconfigure.web.servlet.MockMvcPrintOnlyOnFailureTestExecutionListener, org.springframework.boot.test.autoconfigure.web.servlet.WebDriverTestExecutionListener, org.springframework.test.context.web.ServletTestExecutionListener, org.springframework.test.context.support.DirtiesContextBeforeModesTestExecutionListener, org.springframework.test.context.support.DependencyInjectionTestExecutionListener, org.springframework.test.context.support.DirtiesContextTestExecutionListener, org.springframework.test.context.transaction.TransactionalTestExecutionListener, org.springframework.test.context.jdbc.SqlScriptsTestExecutionListener]
2019-10-16 15:53:03.683  INFO 17774 --- [           main] .b.t.c.SpringBootTestContextBootstrapper : Using TestExecutionListeners: [org.springframework.test.context.web.ServletTestExecutionListener@5922d3e9, org.springframework.test.context.support.DirtiesContextBeforeModesTestExecutionListener@7d57dbb5, org.springframework.boot.test.mock.mockito.MockitoTestExecutionListener@630b6190, org.springframework.boot.test.autoconfigure.SpringBootDependencyInjectionTestExecutionListener@532e27ab, org.springframework.test.context.support.DirtiesContextTestExecutionListener@1cdc1bbc, org.springframework.boot.test.mock.mockito.ResetMocksTestExecutionListener@5f95f1e1, org.springframework.boot.test.autoconfigure.restdocs.RestDocsTestExecutionListener@672a1c62, org.springframework.boot.test.autoconfigure.web.client.MockRestServiceServerResetTestExecutionListener@459b6c53, org.springframework.boot.test.autoconfigure.web.servlet.MockMvcPrintOnlyOnFailureTestExecutionListener@39e69ea7, org.springframework.boot.test.autoconfigure.web.servlet.WebDriverTestExecutionListener@490c7a83]
2019-10-16 15:53:04.769  INFO 17774 --- [           main] org.mongodb.driver.connection            : Closed connection [connectionId{localValue:69}] to oministack-shard-00-01-dwiob.mongodb.net:27017 because there was a socket exception raised by this connection.
]]></system-out>
  </testcase>
  <testcase name="testNoUserDups" classname="mflix.api.daos.HandlingErrorsTest" time="1.117">
    <error message="Unexpected exception, expected&lt;mflix.api.daos.IncorrectDaoOperation&gt; but was&lt;com.mongodb.MongoSecurityException&gt;" type="java.lang.Exception"><![CDATA[java.lang.Exception: Unexpected exception, expected<mflix.api.daos.IncorrectDaoOperation> but was<com.mongodb.MongoSecurityException>
	at mflix.api.daos.HandlingErrorsTest.testNoUserDups(HandlingErrorsTest.java:58)
Caused by: com.mongodb.MongoCommandException: Command failed with error 8000 (AtlasError): 'bad auth Authentication failed.' on server oministack-shard-00-01-dwiob.mongodb.net:27017. The full response is { "ok" : 0, "errmsg" : "bad auth Authentication failed.", "code" : 8000, "codeName" : "AtlasError" }
	at mflix.api.daos.HandlingErrorsTest.testNoUserDups(HandlingErrorsTest.java:58)
]]></error>
    <system-out><![CDATA[2019-10-16 15:53:05.890  INFO 17774 --- [           main] org.mongodb.driver.connection            : Closed connection [connectionId{localValue:70}] to oministack-shard-00-01-dwiob.mongodb.net:27017 because there was a socket exception raised by this connection.
]]></system-out>
  </testcase>
  <testcase name="testAccessExistingDocument" classname="mflix.api.daos.HandlingErrorsTest" time="1.073">
    <error message="Exception authenticating MongoCredential{mechanism=SCRAM-SHA-1, userName=&apos;m220-student&apos;, source=&apos;admin&apos;, password=&lt;hidden&gt;, mechanismProperties={}}" type="com.mongodb.MongoSecurityException"><![CDATA[com.mongodb.MongoSecurityException: Exception authenticating MongoCredential{mechanism=SCRAM-SHA-1, userName='m220-student', source='admin', password=<hidden>, mechanismProperties={}}
	at mflix.api.daos.HandlingErrorsTest.testAccessExistingDocument(HandlingErrorsTest.java:44)
Caused by: com.mongodb.MongoCommandException: Command failed with error 8000 (AtlasError): 'bad auth Authentication failed.' on server oministack-shard-00-01-dwiob.mongodb.net:27017. The full response is { "ok" : 0, "errmsg" : "bad auth Authentication failed.", "code" : 8000, "codeName" : "AtlasError" }
	at mflix.api.daos.HandlingErrorsTest.testAccessExistingDocument(HandlingErrorsTest.java:44)
]]></error>
    <system-out><![CDATA[2019-10-16 15:53:06.961  INFO 17774 --- [           main] org.mongodb.driver.connection            : Closed connection [connectionId{localValue:71}] to oministack-shard-00-01-dwiob.mongodb.net:27017 because there was a socket exception raised by this connection.
]]></system-out>
  </testcase>
</testsuite>