<?xml version="1.0" encoding="UTF-8"?>
<testsuite xmlns:xsi="http://www.w3.org/2001/XMLSchema-instance" xsi:noNamespaceSchemaLocation="https://maven.apache.org/surefire/maven-surefire-plugin/xsd/surefire-test-report.xsd" name="mflix.api.daos.MigrationTest" time="4.369" tests="2" errors="2" skipped="0" failures="0">
  <properties>
[...]
</properties>
  <testcase name="testAllDocumentsIMDBRatingNumber" classname="mflix.api.daos.MigrationTest" time="2.188">
    <error message="Exception authenticating MongoCredential{mechanism=SCRAM-SHA-1, userName=&apos;m220-student&apos;, source=&apos;admin&apos;, password=&lt;hidden&gt;, mechanismProperties={}}" type="com.mongodb.MongoSecurityException"><![CDATA[com.mongodb.MongoSecurityException: Exception authenticating MongoCredential{mechanism=SCRAM-SHA-1, userName='m220-student', source='admin', password=<hidden>, mechanismProperties={}}
	at mflix.api.daos.MigrationTest.testAllDocumentsIMDBRatingNumber(MigrationTest.java:45)
Caused by: com.mongodb.MongoCommandException: Command failed with error 8000 (AtlasError): 'bad auth Authentication failed.' on server oministack-shard-00-01-dwiob.mongodb.net:27017. The full response is { "ok" : 0, "errmsg" : "bad auth Authentication failed.", "code" : 8000, "codeName" : "AtlasError" }
	at mflix.api.daos.MigrationTest.testAllDocumentsIMDBRatingNumber(MigrationTest.java:45)
]]></error>
    <system-out><![CDATA[2019-10-16 15:52:53.866  INFO 17774 --- [           main] org.mongodb.driver.cluster               : Cluster created with settings {hosts=[oministack-shard-00-02-dwiob.mongodb.net:27017, oministack-shard-00-01-dwiob.mongodb.net:27017, oministack-shard-00-00-dwiob.mongodb.net:27017], mode=MULTIPLE, requiredClusterType=REPLICA_SET, serverSelectionTimeout='30000 ms', maxWaitQueueSize=500, requiredReplicaSetName='Oministack-shard-0'}
2019-10-16 15:52:53.867  INFO 17774 --- [           main] org.mongodb.driver.cluster               : Adding discovered server oministack-shard-00-02-dwiob.mongodb.net:27017 to client view of cluster
2019-10-16 15:52:53.870  INFO 17774 --- [           main] org.mongodb.driver.cluster               : Adding discovered server oministack-shard-00-01-dwiob.mongodb.net:27017 to client view of cluster
2019-10-16 15:52:53.871  INFO 17774 --- [           main] org.mongodb.driver.cluster               : Adding discovered server oministack-shard-00-00-dwiob.mongodb.net:27017 to client view of cluster
2019-10-16 15:52:53.873  INFO 17774 --- [           main] org.mongodb.driver.cluster               : No server chosen by com.mongodb.client.internal.MongoClientDelegate$1@642413d4 from cluster description ClusterDescription{type=REPLICA_SET, connectionMode=MULTIPLE, serverDescriptions=[ServerDescription{address=oministack-shard-00-00-dwiob.mongodb.net:27017, type=UNKNOWN, state=CONNECTING}, ServerDescription{address=oministack-shard-00-02-dwiob.mongodb.net:27017, type=UNKNOWN, state=CONNECTING}, ServerDescription{address=oministack-shard-00-01-dwiob.mongodb.net:27017, type=UNKNOWN, state=CONNECTING}]}. Waiting for 30000 ms before timing out
2019-10-16 15:52:54.343  INFO 17774 --- [ngodb.net:27017] org.mongodb.driver.connection            : Opened connection [connectionId{localValue:48, serverValue:1976}] to oministack-shard-00-01-dwiob.mongodb.net:27017
2019-10-16 15:52:54.344  INFO 17774 --- [ngodb.net:27017] org.mongodb.driver.connection            : Opened connection [connectionId{localValue:47, serverValue:94}] to oministack-shard-00-02-dwiob.mongodb.net:27017
2019-10-16 15:52:54.345  INFO 17774 --- [ngodb.net:27017] org.mongodb.driver.connection            : Opened connection [connectionId{localValue:49, serverValue:652}] to oministack-shard-00-00-dwiob.mongodb.net:27017
2019-10-16 15:52:54.494  INFO 17774 --- [ngodb.net:27017] org.mongodb.driver.cluster               : Monitor thread successfully connected to server with description ServerDescription{address=oministack-shard-00-01-dwiob.mongodb.net:27017, type=REPLICA_SET_PRIMARY, state=CONNECTED, ok=true, version=ServerVersion{versionList=[4, 0, 12]}, minWireVersion=0, maxWireVersion=7, maxDocumentSize=16777216, logicalSessionTimeoutMinutes=30, roundTripTimeNanos=150586124, setName='Oministack-shard-0', canonicalAddress=oministack-shard-00-01-dwiob.mongodb.net:27017, hosts=[oministack-shard-00-00-dwiob.mongodb.net:27017, oministack-shard-00-02-dwiob.mongodb.net:27017, oministack-shard-00-01-dwiob.mongodb.net:27017], passives=[], arbiters=[], primary='oministack-shard-00-01-dwiob.mongodb.net:27017', tagSet=TagSet{[Tag{name='region', value='US_EAST_1'}, Tag{name='provider', value='AWS'}, Tag{name='nodeType', value='ELECTABLE'}]}, electionId=7fffffff0000000000000006, setVersion=1, lastWriteDate=Wed Oct 16 15:52:53 BRT 2019, lastUpdateTimeNanos=25541560315338}
2019-10-16 15:52:54.495  INFO 17774 --- [ngodb.net:27017] org.mongodb.driver.cluster               : Setting max election id to 7fffffff0000000000000006 from replica set primary oministack-shard-00-01-dwiob.mongodb.net:27017
2019-10-16 15:52:54.495  INFO 17774 --- [ngodb.net:27017] org.mongodb.driver.cluster               : Setting max set version to 1 from replica set primary oministack-shard-00-01-dwiob.mongodb.net:27017
2019-10-16 15:52:54.495  INFO 17774 --- [ngodb.net:27017] org.mongodb.driver.cluster               : Discovered replica set primary oministack-shard-00-01-dwiob.mongodb.net:27017
2019-10-16 15:52:54.495  INFO 17774 --- [ngodb.net:27017] org.mongodb.driver.cluster               : Monitor thread successfully connected to server with description ServerDescription{address=oministack-shard-00-02-dwiob.mongodb.net:27017, type=REPLICA_SET_SECONDARY, state=CONNECTED, ok=true, version=ServerVersion{versionList=[4, 0, 12]}, minWireVersion=0, maxWireVersion=7, maxDocumentSize=16777216, logicalSessionTimeoutMinutes=30, roundTripTimeNanos=151112577, setName='Oministack-shard-0', canonicalAddress=oministack-shard-00-02-dwiob.mongodb.net:27017, hosts=[oministack-shard-00-00-dwiob.mongodb.net:27017, oministack-shard-00-02-dwiob.mongodb.net:27017, oministack-shard-00-01-dwiob.mongodb.net:27017], passives=[], arbiters=[], primary='oministack-shard-00-01-dwiob.mongodb.net:27017', tagSet=TagSet{[Tag{name='region', value='US_EAST_1'}, Tag{name='provider', value='AWS'}, Tag{name='nodeType', value='ELECTABLE'}]}, electionId=null, setVersion=1, lastWriteDate=Wed Oct 16 15:52:53 BRT 2019, lastUpdateTimeNanos=25541561130108}
2019-10-16 15:52:54.496  INFO 17774 --- [ngodb.net:27017] org.mongodb.driver.cluster               : Monitor thread successfully connected to server with description ServerDescription{address=oministack-shard-00-00-dwiob.mongodb.net:27017, type=REPLICA_SET_SECONDARY, state=CONNECTED, ok=true, version=ServerVersion{versionList=[4, 0, 12]}, minWireVersion=0, maxWireVersion=7, maxDocumentSize=16777216, logicalSessionTimeoutMinutes=30, roundTripTimeNanos=150366008, setName='Oministack-shard-0', canonicalAddress=oministack-shard-00-00-dwiob.mongodb.net:27017, hosts=[oministack-shard-00-00-dwiob.mongodb.net:27017, oministack-shard-00-02-dwiob.mongodb.net:27017, oministack-shard-00-01-dwiob.mongodb.net:27017], passives=[], arbiters=[], primary='oministack-shard-00-01-dwiob.mongodb.net:27017', tagSet=TagSet{[Tag{name='region', value='US_EAST_1'}, Tag{name='provider', value='AWS'}, Tag{name='nodeType', value='ELECTABLE'}]}, electionId=null, setVersion=1, lastWriteDate=Wed Oct 16 15:52:53 BRT 2019, lastUpdateTimeNanos=25541562277277}
2019-10-16 15:52:54.747  INFO 17774 --- [ngodb.net:27017] org.mongodb.driver.connection            : Opened connection [connectionId{localValue:53, serverValue:807}] to oministack-shard-00-02-dwiob.mongodb.net:27017
2019-10-16 15:52:54.748  INFO 17774 --- [ngodb.net:27017] org.mongodb.driver.connection            : Opened connection [connectionId{localValue:52, serverValue:985}] to oministack-shard-00-00-dwiob.mongodb.net:27017
2019-10-16 15:52:54.748  INFO 17774 --- [ngodb.net:27017] org.mongodb.driver.connection            : Opened connection [connectionId{localValue:50, serverValue:807}] to oministack-shard-00-02-dwiob.mongodb.net:27017
2019-10-16 15:52:54.750  INFO 17774 --- [ngodb.net:27017] org.mongodb.driver.connection            : Opened connection [connectionId{localValue:51, serverValue:1976}] to oministack-shard-00-01-dwiob.mongodb.net:27017
2019-10-16 15:52:54.752  INFO 17774 --- [ngodb.net:27017] org.mongodb.driver.connection            : Opened connection [connectionId{localValue:55, serverValue:985}] to oministack-shard-00-00-dwiob.mongodb.net:27017
2019-10-16 15:52:54.757  INFO 17774 --- [ngodb.net:27017] org.mongodb.driver.connection            : Opened connection [connectionId{localValue:54, serverValue:157}] to oministack-shard-00-01-dwiob.mongodb.net:27017
2019-10-16 15:52:54.789  INFO 17774 --- [ngodb.net:27017] org.mongodb.driver.connection            : Opened connection [connectionId{localValue:56, serverValue:807}] to oministack-shard-00-02-dwiob.mongodb.net:27017
2019-10-16 15:52:54.789  INFO 17774 --- [ngodb.net:27017] org.mongodb.driver.connection            : Opened connection [connectionId{localValue:57, serverValue:157}] to oministack-shard-00-01-dwiob.mongodb.net:27017
2019-10-16 15:52:54.789  INFO 17774 --- [ngodb.net:27017] org.mongodb.driver.connection            : Opened connection [connectionId{localValue:58, serverValue:985}] to oministack-shard-00-00-dwiob.mongodb.net:27017
2019-10-16 15:52:54.898  INFO 17774 --- [ngodb.net:27017] org.mongodb.driver.cluster               : Monitor thread successfully connected to server with description ServerDescription{address=oministack-shard-00-02-dwiob.mongodb.net:27017, type=REPLICA_SET_SECONDARY, state=CONNECTED, ok=true, version=ServerVersion{versionList=[4, 0, 12]}, minWireVersion=0, maxWireVersion=7, maxDocumentSize=16777216, logicalSessionTimeoutMinutes=30, roundTripTimeNanos=150066387, setName='Oministack-shard-0', canonicalAddress=oministack-shard-00-02-dwiob.mongodb.net:27017, hosts=[oministack-shard-00-00-dwiob.mongodb.net:27017, oministack-shard-00-02-dwiob.mongodb.net:27017, oministack-shard-00-01-dwiob.mongodb.net:27017], passives=[], arbiters=[], primary='oministack-shard-00-01-dwiob.mongodb.net:27017', tagSet=TagSet{[Tag{name='region', value='US_EAST_1'}, Tag{name='provider', value='AWS'}, Tag{name='nodeType', value='ELECTABLE'}]}, electionId=null, setVersion=1, lastWriteDate=Wed Oct 16 15:52:54 BRT 2019, lastUpdateTimeNanos=25541963852504}
2019-10-16 15:52:54.900  INFO 17774 --- [ngodb.net:27017] org.mongodb.driver.cluster               : Monitor thread successfully connected to server with description ServerDescription{address=oministack-shard-00-00-dwiob.mongodb.net:27017, type=REPLICA_SET_SECONDARY, state=CONNECTED, ok=true, version=ServerVersion{versionList=[4, 0, 12]}, minWireVersion=0, maxWireVersion=7, maxDocumentSize=16777216, logicalSessionTimeoutMinutes=30, roundTripTimeNanos=150964930, setName='Oministack-shard-0', canonicalAddress=oministack-shard-00-00-dwiob.mongodb.net:27017, hosts=[oministack-shard-00-00-dwiob.mongodb.net:27017, oministack-shard-00-02-dwiob.mongodb.net:27017, oministack-shard-00-01-dwiob.mongodb.net:27017], passives=[], arbiters=[], primary='oministack-shard-00-01-dwiob.mongodb.net:27017', tagSet=TagSet{[Tag{name='region', value='US_EAST_1'}, Tag{name='provider', value='AWS'}, Tag{name='nodeType', value='ELECTABLE'}]}, electionId=null, setVersion=1, lastWriteDate=Wed Oct 16 15:52:54 BRT 2019, lastUpdateTimeNanos=25541966059155}
2019-10-16 15:52:54.903  INFO 17774 --- [ngodb.net:27017] org.mongodb.driver.cluster               : Monitor thread successfully connected to server with description ServerDescription{address=oministack-shard-00-02-dwiob.mongodb.net:27017, type=REPLICA_SET_SECONDARY, state=CONNECTED, ok=true, version=ServerVersion{versionList=[4, 0, 12]}, minWireVersion=0, maxWireVersion=7, maxDocumentSize=16777216, logicalSessionTimeoutMinutes=30, roundTripTimeNanos=153435442, setName='Oministack-shard-0', canonicalAddress=oministack-shard-00-02-dwiob.mongodb.net:27017, hosts=[oministack-shard-00-00-dwiob.mongodb.net:27017, oministack-shard-00-02-dwiob.mongodb.net:27017, oministack-shard-00-01-dwiob.mongodb.net:27017], passives=[], arbiters=[], primary='oministack-shard-00-01-dwiob.mongodb.net:27017', tagSet=TagSet{[Tag{name='region', value='US_EAST_1'}, Tag{name='provider', value='AWS'}, Tag{name='nodeType', value='ELECTABLE'}]}, electionId=null, setVersion=1, lastWriteDate=Wed Oct 16 15:52:54 BRT 2019, lastUpdateTimeNanos=25541968653831}
2019-10-16 15:52:54.903  INFO 17774 --- [ngodb.net:27017] org.mongodb.driver.cluster               : Monitor thread successfully connected to server with description ServerDescription{address=oministack-shard-00-00-dwiob.mongodb.net:27017, type=REPLICA_SET_SECONDARY, state=CONNECTED, ok=true, version=ServerVersion{versionList=[4, 0, 12]}, minWireVersion=0, maxWireVersion=7, maxDocumentSize=16777216, logicalSessionTimeoutMinutes=30, roundTripTimeNanos=150320387, setName='Oministack-shard-0', canonicalAddress=oministack-shard-00-00-dwiob.mongodb.net:27017, hosts=[oministack-shard-00-00-dwiob.mongodb.net:27017, oministack-shard-00-02-dwiob.mongodb.net:27017, oministack-shard-00-01-dwiob.mongodb.net:27017], passives=[], arbiters=[], primary='oministack-shard-00-01-dwiob.mongodb.net:27017', tagSet=TagSet{[Tag{name='region', value='US_EAST_1'}, Tag{name='provider', value='AWS'}, Tag{name='nodeType', value='ELECTABLE'}]}, electionId=null, setVersion=1, lastWriteDate=Wed Oct 16 15:52:54 BRT 2019, lastUpdateTimeNanos=25541969287719}
2019-10-16 15:52:54.903  INFO 17774 --- [ngodb.net:27017] org.mongodb.driver.cluster               : Monitor thread successfully connected to server with description ServerDescription{address=oministack-shard-00-01-dwiob.mongodb.net:27017, type=REPLICA_SET_PRIMARY, state=CONNECTED, ok=true, version=ServerVersion{versionList=[4, 0, 12]}, minWireVersion=0, maxWireVersion=7, maxDocumentSize=16777216, logicalSessionTimeoutMinutes=30, roundTripTimeNanos=151660828, setName='Oministack-shard-0', canonicalAddress=oministack-shard-00-01-dwiob.mongodb.net:27017, hosts=[oministack-shard-00-00-dwiob.mongodb.net:27017, oministack-shard-00-02-dwiob.mongodb.net:27017, oministack-shard-00-01-dwiob.mongodb.net:27017], passives=[], arbiters=[], primary='oministack-shard-00-01-dwiob.mongodb.net:27017', tagSet=TagSet{[Tag{name='region', value='US_EAST_1'}, Tag{name='provider', value='AWS'}, Tag{name='nodeType', value='ELECTABLE'}]}, electionId=7fffffff0000000000000006, setVersion=1, lastWriteDate=Wed Oct 16 15:52:54 BRT 2019, lastUpdateTimeNanos=25541969249297}
2019-10-16 15:52:54.904  INFO 17774 --- [ngodb.net:27017] org.mongodb.driver.cluster               : Setting max election id to 7fffffff0000000000000006 from replica set primary oministack-shard-00-01-dwiob.mongodb.net:27017
2019-10-16 15:52:54.905  INFO 17774 --- [ngodb.net:27017] org.mongodb.driver.cluster               : Setting max set version to 1 from replica set primary oministack-shard-00-01-dwiob.mongodb.net:27017
2019-10-16 15:52:54.905  INFO 17774 --- [ngodb.net:27017] org.mongodb.driver.cluster               : Discovered replica set primary oministack-shard-00-01-dwiob.mongodb.net:27017
2019-10-16 15:52:54.910  INFO 17774 --- [ngodb.net:27017] org.mongodb.driver.cluster               : Monitor thread successfully connected to server with description ServerDescription{address=oministack-shard-00-01-dwiob.mongodb.net:27017, type=REPLICA_SET_PRIMARY, state=CONNECTED, ok=true, version=ServerVersion{versionList=[4, 0, 12]}, minWireVersion=0, maxWireVersion=7, maxDocumentSize=16777216, logicalSessionTimeoutMinutes=30, roundTripTimeNanos=151947948, setName='Oministack-shard-0', canonicalAddress=oministack-shard-00-01-dwiob.mongodb.net:27017, hosts=[oministack-shard-00-00-dwiob.mongodb.net:27017, oministack-shard-00-02-dwiob.mongodb.net:27017, oministack-shard-00-01-dwiob.mongodb.net:27017], passives=[], arbiters=[], primary='oministack-shard-00-01-dwiob.mongodb.net:27017', tagSet=TagSet{[Tag{name='region', value='US_EAST_1'}, Tag{name='provider', value='AWS'}, Tag{name='nodeType', value='ELECTABLE'}]}, electionId=7fffffff0000000000000006, setVersion=1, lastWriteDate=Wed Oct 16 15:52:54 BRT 2019, lastUpdateTimeNanos=25541975864838}
2019-10-16 15:52:54.911  INFO 17774 --- [ngodb.net:27017] org.mongodb.driver.cluster               : Setting max election id to 7fffffff0000000000000006 from replica set primary oministack-shard-00-01-dwiob.mongodb.net:27017
2019-10-16 15:52:54.911  INFO 17774 --- [ngodb.net:27017] org.mongodb.driver.cluster               : Setting max set version to 1 from replica set primary oministack-shard-00-01-dwiob.mongodb.net:27017
2019-10-16 15:52:54.912  INFO 17774 --- [ngodb.net:27017] org.mongodb.driver.cluster               : Discovered replica set primary oministack-shard-00-01-dwiob.mongodb.net:27017
2019-10-16 15:52:54.941  INFO 17774 --- [ngodb.net:27017] org.mongodb.driver.cluster               : Monitor thread successfully connected to server with description ServerDescription{address=oministack-shard-00-00-dwiob.mongodb.net:27017, type=REPLICA_SET_SECONDARY, state=CONNECTED, ok=true, version=ServerVersion{versionList=[4, 0, 12]}, minWireVersion=0, maxWireVersion=7, maxDocumentSize=16777216, logicalSessionTimeoutMinutes=30, roundTripTimeNanos=151358295, setName='Oministack-shard-0', canonicalAddress=oministack-shard-00-00-dwiob.mongodb.net:27017, hosts=[oministack-shard-00-00-dwiob.mongodb.net:27017, oministack-shard-00-02-dwiob.mongodb.net:27017, oministack-shard-00-01-dwiob.mongodb.net:27017], passives=[], arbiters=[], primary='oministack-shard-00-01-dwiob.mongodb.net:27017', tagSet=TagSet{[Tag{name='region', value='US_EAST_1'}, Tag{name='provider', value='AWS'}, Tag{name='nodeType', value='ELECTABLE'}]}, electionId=null, setVersion=1, lastWriteDate=Wed Oct 16 15:52:54 BRT 2019, lastUpdateTimeNanos=25542006932533}
2019-10-16 15:52:54.941  INFO 17774 --- [ngodb.net:27017] org.mongodb.driver.cluster               : Monitor thread successfully connected to server with description ServerDescription{address=oministack-shard-00-01-dwiob.mongodb.net:27017, type=REPLICA_SET_PRIMARY, state=CONNECTED, ok=true, version=ServerVersion{versionList=[4, 0, 12]}, minWireVersion=0, maxWireVersion=7, maxDocumentSize=16777216, logicalSessionTimeoutMinutes=30, roundTripTimeNanos=151300119, setName='Oministack-shard-0', canonicalAddress=oministack-shard-00-01-dwiob.mongodb.net:27017, hosts=[oministack-shard-00-00-dwiob.mongodb.net:27017, oministack-shard-00-02-dwiob.mongodb.net:27017, oministack-shard-00-01-dwiob.mongodb.net:27017], passives=[], arbiters=[], primary='oministack-shard-00-01-dwiob.mongodb.net:27017', tagSet=TagSet{[Tag{name='region', value='US_EAST_1'}, Tag{name='provider', value='AWS'}, Tag{name='nodeType', value='ELECTABLE'}]}, electionId=7fffffff0000000000000006, setVersion=1, lastWriteDate=Wed Oct 16 15:52:54 BRT 2019, lastUpdateTimeNanos=25542006835139}
2019-10-16 15:52:54.941  INFO 17774 --- [ngodb.net:27017] org.mongodb.driver.cluster               : Monitor thread successfully connected to server with description ServerDescription{address=oministack-shard-00-02-dwiob.mongodb.net:27017, type=REPLICA_SET_SECONDARY, state=CONNECTED, ok=true, version=ServerVersion{versionList=[4, 0, 12]}, minWireVersion=0, maxWireVersion=7, maxDocumentSize=16777216, logicalSessionTimeoutMinutes=30, roundTripTimeNanos=151362663, setName='Oministack-shard-0', canonicalAddress=oministack-shard-00-02-dwiob.mongodb.net:27017, hosts=[oministack-shard-00-00-dwiob.mongodb.net:27017, oministack-shard-00-02-dwiob.mongodb.net:27017, oministack-shard-00-01-dwiob.mongodb.net:27017], passives=[], arbiters=[], primary='oministack-shard-00-01-dwiob.mongodb.net:27017', tagSet=TagSet{[Tag{name='region', value='US_EAST_1'}, Tag{name='provider', value='AWS'}, Tag{name='nodeType', value='ELECTABLE'}]}, electionId=null, setVersion=1, lastWriteDate=Wed Oct 16 15:52:54 BRT 2019, lastUpdateTimeNanos=25542006843514}
2019-10-16 15:52:54.941  INFO 17774 --- [           main] org.mongodb.driver.cluster               : No server chosen by ReadPreferenceServerSelector{readPreference=primary} from cluster description ClusterDescription{type=REPLICA_SET, connectionMode=MULTIPLE, serverDescriptions=[ServerDescription{address=oministack-shard-00-00-dwiob.mongodb.net:27017, type=REPLICA_SET_SECONDARY, state=CONNECTED, ok=true, version=ServerVersion{versionList=[4, 0, 12]}, minWireVersion=0, maxWireVersion=7, maxDocumentSize=16777216, logicalSessionTimeoutMinutes=30, roundTripTimeNanos=151358295, setName='Oministack-shard-0', canonicalAddress=oministack-shard-00-00-dwiob.mongodb.net:27017, hosts=[oministack-shard-00-00-dwiob.mongodb.net:27017, oministack-shard-00-02-dwiob.mongodb.net:27017, oministack-shard-00-01-dwiob.mongodb.net:27017], passives=[], arbiters=[], primary='oministack-shard-00-01-dwiob.mongodb.net:27017', tagSet=TagSet{[Tag{name='region', value='US_EAST_1'}, Tag{name='provider', value='AWS'}, Tag{name='nodeType', value='ELECTABLE'}]}, electionId=null, setVersion=1, lastWriteDate=Wed Oct 16 15:52:54 BRT 2019, lastUpdateTimeNanos=25542006932533}, ServerDescription{address=oministack-shard-00-02-dwiob.mongodb.net:27017, type=UNKNOWN, state=CONNECTING}, ServerDescription{address=oministack-shard-00-01-dwiob.mongodb.net:27017, type=UNKNOWN, state=CONNECTING}]}. Waiting for 30000 ms before timing out
2019-10-16 15:52:54.942  INFO 17774 --- [ngodb.net:27017] org.mongodb.driver.cluster               : Setting max election id to 7fffffff0000000000000006 from replica set primary oministack-shard-00-01-dwiob.mongodb.net:27017
2019-10-16 15:52:54.942  INFO 17774 --- [ngodb.net:27017] org.mongodb.driver.cluster               : Setting max set version to 1 from replica set primary oministack-shard-00-01-dwiob.mongodb.net:27017
2019-10-16 15:52:54.942  INFO 17774 --- [ngodb.net:27017] org.mongodb.driver.cluster               : Discovered replica set primary oministack-shard-00-01-dwiob.mongodb.net:27017
2019-10-16 15:52:56.053  INFO 17774 --- [           main] org.mongodb.driver.connection            : Closed connection [connectionId{localValue:59}] to oministack-shard-00-01-dwiob.mongodb.net:27017 because there was a socket exception raised by this connection.
]]></system-out>
  </testcase>
  <testcase name="testAllDocumentsUpdateDateIsDateType" classname="mflix.api.daos.MigrationTest" time="2.18">
    <error message="Exception authenticating MongoCredential{mechanism=SCRAM-SHA-1, userName=&apos;m220-student&apos;, source=&apos;admin&apos;, password=&lt;hidden&gt;, mechanismProperties={}}" type="com.mongodb.MongoSecurityException"><![CDATA[com.mongodb.MongoSecurityException: Exception authenticating MongoCredential{mechanism=SCRAM-SHA-1, userName='m220-student', source='admin', password=<hidden>, mechanismProperties={}}
	at mflix.api.daos.MigrationTest.testAllDocumentsUpdateDateIsDateType(MigrationTest.java:34)
Caused by: com.mongodb.MongoCommandException: Command failed with error 8000 (AtlasError): 'bad auth Authentication failed.' on server oministack-shard-00-01-dwiob.mongodb.net:27017. The full response is { "ok" : 0, "errmsg" : "bad auth Authentication failed.", "code" : 8000, "codeName" : "AtlasError" }
	at mflix.api.daos.MigrationTest.testAllDocumentsUpdateDateIsDateType(MigrationTest.java:34)
]]></error>
    <system-out><![CDATA[2019-10-16 15:52:56.059  INFO 17774 --- [           main] org.mongodb.driver.cluster               : Cluster created with settings {hosts=[oministack-shard-00-02-dwiob.mongodb.net:27017, oministack-shard-00-01-dwiob.mongodb.net:27017, oministack-shard-00-00-dwiob.mongodb.net:27017], mode=MULTIPLE, requiredClusterType=REPLICA_SET, serverSelectionTimeout='30000 ms', maxWaitQueueSize=500, requiredReplicaSetName='Oministack-shard-0'}
2019-10-16 15:52:56.060  INFO 17774 --- [           main] org.mongodb.driver.cluster               : Adding discovered server oministack-shard-00-02-dwiob.mongodb.net:27017 to client view of cluster
2019-10-16 15:52:56.061  INFO 17774 --- [           main] org.mongodb.driver.cluster               : Adding discovered server oministack-shard-00-01-dwiob.mongodb.net:27017 to client view of cluster
2019-10-16 15:52:56.063  INFO 17774 --- [           main] org.mongodb.driver.cluster               : Adding discovered server oministack-shard-00-00-dwiob.mongodb.net:27017 to client view of cluster
2019-10-16 15:52:56.065  INFO 17774 --- [           main] org.mongodb.driver.cluster               : No server chosen by com.mongodb.client.internal.MongoClientDelegate$1@6f9c5048 from cluster description ClusterDescription{type=REPLICA_SET, connectionMode=MULTIPLE, serverDescriptions=[ServerDescription{address=oministack-shard-00-00-dwiob.mongodb.net:27017, type=UNKNOWN, state=CONNECTING}, ServerDescription{address=oministack-shard-00-02-dwiob.mongodb.net:27017, type=UNKNOWN, state=CONNECTING}, ServerDescription{address=oministack-shard-00-01-dwiob.mongodb.net:27017, type=UNKNOWN, state=CONNECTING}]}. Waiting for 30000 ms before timing out
2019-10-16 15:52:56.975  INFO 17774 --- [ngodb.net:27017] org.mongodb.driver.connection            : Opened connection [connectionId{localValue:61, serverValue:1976}] to oministack-shard-00-01-dwiob.mongodb.net:27017
2019-10-16 15:52:56.976  INFO 17774 --- [ngodb.net:27017] org.mongodb.driver.connection            : Opened connection [connectionId{localValue:60, serverValue:807}] to oministack-shard-00-02-dwiob.mongodb.net:27017
2019-10-16 15:52:56.988  INFO 17774 --- [ngodb.net:27017] org.mongodb.driver.connection            : Opened connection [connectionId{localValue:62, serverValue:985}] to oministack-shard-00-00-dwiob.mongodb.net:27017
2019-10-16 15:52:57.125  INFO 17774 --- [ngodb.net:27017] org.mongodb.driver.cluster               : Monitor thread successfully connected to server with description ServerDescription{address=oministack-shard-00-01-dwiob.mongodb.net:27017, type=REPLICA_SET_PRIMARY, state=CONNECTED, ok=true, version=ServerVersion{versionList=[4, 0, 12]}, minWireVersion=0, maxWireVersion=7, maxDocumentSize=16777216, logicalSessionTimeoutMinutes=30, roundTripTimeNanos=149331697, setName='Oministack-shard-0', canonicalAddress=oministack-shard-00-01-dwiob.mongodb.net:27017, hosts=[oministack-shard-00-00-dwiob.mongodb.net:27017, oministack-shard-00-02-dwiob.mongodb.net:27017, oministack-shard-00-01-dwiob.mongodb.net:27017], passives=[], arbiters=[], primary='oministack-shard-00-01-dwiob.mongodb.net:27017', tagSet=TagSet{[Tag{name='region', value='US_EAST_1'}, Tag{name='provider', value='AWS'}, Tag{name='nodeType', value='ELECTABLE'}]}, electionId=7fffffff0000000000000006, setVersion=1, lastWriteDate=Wed Oct 16 15:52:56 BRT 2019, lastUpdateTimeNanos=25544190913322}
2019-10-16 15:52:57.126  INFO 17774 --- [ngodb.net:27017] org.mongodb.driver.cluster               : Setting max election id to 7fffffff0000000000000006 from replica set primary oministack-shard-00-01-dwiob.mongodb.net:27017
2019-10-16 15:52:57.127  INFO 17774 --- [ngodb.net:27017] org.mongodb.driver.cluster               : Setting max set version to 1 from replica set primary oministack-shard-00-01-dwiob.mongodb.net:27017
2019-10-16 15:52:57.127  INFO 17774 --- [ngodb.net:27017] org.mongodb.driver.cluster               : Discovered replica set primary oministack-shard-00-01-dwiob.mongodb.net:27017
2019-10-16 15:52:57.127  INFO 17774 --- [ngodb.net:27017] org.mongodb.driver.cluster               : Monitor thread successfully connected to server with description ServerDescription{address=oministack-shard-00-02-dwiob.mongodb.net:27017, type=REPLICA_SET_SECONDARY, state=CONNECTED, ok=true, version=ServerVersion{versionList=[4, 0, 12]}, minWireVersion=0, maxWireVersion=7, maxDocumentSize=16777216, logicalSessionTimeoutMinutes=30, roundTripTimeNanos=150092971, setName='Oministack-shard-0', canonicalAddress=oministack-shard-00-02-dwiob.mongodb.net:27017, hosts=[oministack-shard-00-00-dwiob.mongodb.net:27017, oministack-shard-00-02-dwiob.mongodb.net:27017, oministack-shard-00-01-dwiob.mongodb.net:27017], passives=[], arbiters=[], primary='oministack-shard-00-01-dwiob.mongodb.net:27017', tagSet=TagSet{[Tag{name='region', value='US_EAST_1'}, Tag{name='provider', value='AWS'}, Tag{name='nodeType', value='ELECTABLE'}]}, electionId=null, setVersion=1, lastWriteDate=Wed Oct 16 15:52:56 BRT 2019, lastUpdateTimeNanos=25544193060662}
2019-10-16 15:52:57.141  INFO 17774 --- [ngodb.net:27017] org.mongodb.driver.cluster               : Monitor thread successfully connected to server with description ServerDescription{address=oministack-shard-00-00-dwiob.mongodb.net:27017, type=REPLICA_SET_SECONDARY, state=CONNECTED, ok=true, version=ServerVersion{versionList=[4, 0, 12]}, minWireVersion=0, maxWireVersion=7, maxDocumentSize=16777216, logicalSessionTimeoutMinutes=30, roundTripTimeNanos=151765370, setName='Oministack-shard-0', canonicalAddress=oministack-shard-00-00-dwiob.mongodb.net:27017, hosts=[oministack-shard-00-00-dwiob.mongodb.net:27017, oministack-shard-00-02-dwiob.mongodb.net:27017, oministack-shard-00-01-dwiob.mongodb.net:27017], passives=[], arbiters=[], primary='oministack-shard-00-01-dwiob.mongodb.net:27017', tagSet=TagSet{[Tag{name='region', value='US_EAST_1'}, Tag{name='provider', value='AWS'}, Tag{name='nodeType', value='ELECTABLE'}]}, electionId=null, setVersion=1, lastWriteDate=Wed Oct 16 15:52:56 BRT 2019, lastUpdateTimeNanos=25544206700885}
2019-10-16 15:52:58.234  INFO 17774 --- [           main] org.mongodb.driver.connection            : Closed connection [connectionId{localValue:63}] to oministack-shard-00-01-dwiob.mongodb.net:27017 because there was a socket exception raised by this connection.
]]></system-out>
  </testcase>
</testsuite>