<?xml version="1.0" encoding="UTF-8"?>
<testsuite xmlns:xsi="http://www.w3.org/2001/XMLSchema-instance" xsi:noNamespaceSchemaLocation="https://maven.apache.org/surefire/maven-surefire-plugin/xsd/surefire-test-report.xsd" name="mflix.api.daos.TextAndSubfieldTest" time="8.675" tests="6" errors="6" skipped="0" failures="0">
  <properties>
[...]
</properties>
  <testcase name="testGenreSearch" classname="mflix.api.daos.TextAndSubfieldTest" time="1.529">
    <error message="Exception authenticating MongoCredential{mechanism=SCRAM-SHA-1, userName=&apos;m220-student&apos;, source=&apos;admin&apos;, password=&lt;hidden&gt;, mechanismProperties={}}" type="com.mongodb.MongoSecurityException"><![CDATA[com.mongodb.MongoSecurityException: Exception authenticating MongoCredential{mechanism=SCRAM-SHA-1, userName='m220-student', source='admin', password=<hidden>, mechanismProperties={}}
	at mflix.api.daos.TextAndSubfieldTest.testGenreSearch(TextAndSubfieldTest.java:155)
Caused by: com.mongodb.MongoCommandException: Command failed with error 8000 (AtlasError): 'bad auth Authentication failed.' on server oministack-shard-00-01-dwiob.mongodb.net:27017. The full response is { "ok" : 0, "errmsg" : "bad auth Authentication failed.", "code" : 8000, "codeName" : "AtlasError" }
	at mflix.api.daos.TextAndSubfieldTest.testGenreSearch(TextAndSubfieldTest.java:155)
]]></error>
    <system-out><![CDATA[15:52:06.374 [main] DEBUG org.springframework.test.context.junit4.SpringJUnit4ClassRunner - SpringJUnit4ClassRunner constructor called with [class mflix.api.daos.TextAndSubfieldTest]
15:52:06.380 [main] DEBUG org.springframework.test.context.BootstrapUtils - Instantiating CacheAwareContextLoaderDelegate from class [org.springframework.test.context.cache.DefaultCacheAwareContextLoaderDelegate]
15:52:06.387 [main] DEBUG org.springframework.test.context.BootstrapUtils - Instantiating BootstrapContext using constructor [public org.springframework.test.context.support.DefaultBootstrapContext(java.lang.Class,org.springframework.test.context.CacheAwareContextLoaderDelegate)]
15:52:06.406 [main] DEBUG org.springframework.test.context.BootstrapUtils - Instantiating TestContextBootstrapper for test class [mflix.api.daos.TextAndSubfieldTest] from class [org.springframework.boot.test.context.SpringBootTestContextBootstrapper]
15:52:06.417 [main] INFO org.springframework.boot.test.context.SpringBootTestContextBootstrapper - Neither @ContextConfiguration nor @ContextHierarchy found for test class [mflix.api.daos.TextAndSubfieldTest], using SpringBootContextLoader
15:52:06.420 [main] DEBUG org.springframework.test.context.support.AbstractContextLoader - Did not detect default resource location for test class [mflix.api.daos.TextAndSubfieldTest]: class path resource [mflix/api/daos/TextAndSubfieldTest-context.xml] does not exist
15:52:06.421 [main] DEBUG org.springframework.test.context.support.AbstractContextLoader - Did not detect default resource location for test class [mflix.api.daos.TextAndSubfieldTest]: class path resource [mflix/api/daos/TextAndSubfieldTestContext.groovy] does not exist
15:52:06.421 [main] INFO org.springframework.test.context.support.AbstractContextLoader - Could not detect default resource locations for test class [mflix.api.daos.TextAndSubfieldTest]: no resource found for suffixes {-context.xml, Context.groovy}.
15:52:06.468 [main] DEBUG org.springframework.test.context.support.ActiveProfilesUtils - Could not find an 'annotation declaring class' for annotation type [org.springframework.test.context.ActiveProfiles] and class [mflix.api.daos.TextAndSubfieldTest]
15:52:06.600 [main] DEBUG org.springframework.boot.test.context.SpringBootTestContextBootstrapper - @TestExecutionListeners is not present for class [mflix.api.daos.TextAndSubfieldTest]: using defaults.
15:52:06.600 [main] INFO org.springframework.boot.test.context.SpringBootTestContextBootstrapper - Loaded default TestExecutionListener class names from location [META-INF/spring.factories]: [org.springframework.boot.test.mock.mockito.MockitoTestExecutionListener, org.springframework.boot.test.mock.mockito.ResetMocksTestExecutionListener, org.springframework.boot.test.autoconfigure.restdocs.RestDocsTestExecutionListener, org.springframework.boot.test.autoconfigure.web.client.MockRestServiceServerResetTestExecutionListener, org.springframework.boot.test.autoconfigure.web.servlet.MockMvcPrintOnlyOnFailureTestExecutionListener, org.springframework.boot.test.autoconfigure.web.servlet.WebDriverTestExecutionListener, org.springframework.test.context.web.ServletTestExecutionListener, org.springframework.test.context.support.DirtiesContextBeforeModesTestExecutionListener, org.springframework.test.context.support.DependencyInjectionTestExecutionListener, org.springframework.test.context.support.DirtiesContextTestExecutionListener, org.springframework.test.context.transaction.TransactionalTestExecutionListener, org.springframework.test.context.jdbc.SqlScriptsTestExecutionListener]
15:52:06.610 [main] DEBUG org.springframework.boot.test.context.SpringBootTestContextBootstrapper - Skipping candidate TestExecutionListener [org.springframework.test.context.transaction.TransactionalTestExecutionListener] due to a missing dependency. Specify custom listener classes or make the default listener classes and their required dependencies available. Offending class: [org/springframework/transaction/TransactionDefinition]
15:52:06.611 [main] DEBUG org.springframework.boot.test.context.SpringBootTestContextBootstrapper - Skipping candidate TestExecutionListener [org.springframework.test.context.jdbc.SqlScriptsTestExecutionListener] due to a missing dependency. Specify custom listener classes or make the default listener classes and their required dependencies available. Offending class: [org/springframework/transaction/interceptor/TransactionAttribute]
15:52:06.612 [main] INFO org.springframework.boot.test.context.SpringBootTestContextBootstrapper - Using TestExecutionListeners: [org.springframework.test.context.web.ServletTestExecutionListener@14dd9eb7, org.springframework.test.context.support.DirtiesContextBeforeModesTestExecutionListener@52e6fdee, org.springframework.boot.test.mock.mockito.MockitoTestExecutionListener@6c80d78a, org.springframework.boot.test.autoconfigure.SpringBootDependencyInjectionTestExecutionListener@62150f9e, org.springframework.test.context.support.DirtiesContextTestExecutionListener@1a451d4d, org.springframework.boot.test.mock.mockito.ResetMocksTestExecutionListener@7fa98a66, org.springframework.boot.test.autoconfigure.restdocs.RestDocsTestExecutionListener@15ff3e9e, org.springframework.boot.test.autoconfigure.web.client.MockRestServiceServerResetTestExecutionListener@5fdcaa40, org.springframework.boot.test.autoconfigure.web.servlet.MockMvcPrintOnlyOnFailureTestExecutionListener@6dc17b83, org.springframework.boot.test.autoconfigure.web.servlet.WebDriverTestExecutionListener@5e0826e7]
15:52:06.614 [main] DEBUG org.springframework.test.annotation.ProfileValueUtils - Retrieved @ProfileValueSourceConfiguration [null] for test class [mflix.api.daos.TextAndSubfieldTest]
15:52:06.615 [main] DEBUG org.springframework.test.annotation.ProfileValueUtils - Retrieved ProfileValueSource type [class org.springframework.test.annotation.SystemProfileValueSource] for class [mflix.api.daos.TextAndSubfieldTest]
15:52:06.617 [main] DEBUG org.springframework.test.annotation.ProfileValueUtils - Retrieved @ProfileValueSourceConfiguration [null] for test class [mflix.api.daos.TextAndSubfieldTest]
15:52:06.617 [main] DEBUG org.springframework.test.annotation.ProfileValueUtils - Retrieved ProfileValueSource type [class org.springframework.test.annotation.SystemProfileValueSource] for class [mflix.api.daos.TextAndSubfieldTest]
15:52:06.618 [main] DEBUG org.springframework.test.annotation.ProfileValueUtils - Retrieved @ProfileValueSourceConfiguration [null] for test class [mflix.api.daos.TextAndSubfieldTest]
15:52:06.618 [main] DEBUG org.springframework.test.annotation.ProfileValueUtils - Retrieved ProfileValueSource type [class org.springframework.test.annotation.SystemProfileValueSource] for class [mflix.api.daos.TextAndSubfieldTest]
15:52:06.623 [main] DEBUG org.springframework.test.context.support.AbstractDirtiesContextTestExecutionListener - Before test class: context [DefaultTestContext@294425a7 testClass = TextAndSubfieldTest, testInstance = [null], testMethod = [null], testException = [null], mergedContextConfiguration = [WebMergedContextConfiguration@67d48005 testClass = TextAndSubfieldTest, locations = '{}', classes = '{class mflix.config.MongoDBConfiguration, class mflix.config.MongoDBConfiguration}', contextInitializerClasses = '[]', activeProfiles = '{}', propertySourceLocations = '{}', propertySourceProperties = '{org.springframework.boot.test.context.SpringBootTestContextBootstrapper=true}', contextCustomizers = set[[ImportsContextCustomizer@9f116cc key = [@org.springframework.boot.autoconfigure.AutoConfigurationPackage(), @org.springframework.context.annotation.Import(value=[class org.springframework.boot.autoconfigure.AutoConfigurationPackages$Registrar]), @org.springframework.boot.context.properties.EnableConfigurationProperties(value=[]), @org.springframework.context.annotation.Import(value=[class org.springframework.boot.context.properties.EnableConfigurationPropertiesImportSelector]), @org.springframework.boot.autoconfigure.EnableAutoConfiguration(exclude=[], excludeName=[]), @org.junit.runner.RunWith(value=class org.springframework.test.context.junit4.SpringJUnit4ClassRunner), @org.springframework.test.context.BootstrapWith(value=class org.springframework.boot.test.context.SpringBootTestContextBootstrapper), @org.springframework.boot.test.context.SpringBootTest(webEnvironment=MOCK, value=[], properties=[], classes=[class mflix.config.MongoDBConfiguration]), @org.springframework.context.annotation.Import(value=[class org.springframework.boot.autoconfigure.AutoConfigurationImportSelector])]], org.springframework.boot.test.context.filter.ExcludeFilterContextCustomizer@67b467e9, org.springframework.boot.test.json.DuplicateJsonObjectContextCustomizerFactory$DuplicateJsonObjectContextCustomizer@4d1b0d2a, org.springframework.boot.test.mock.mockito.MockitoContextCustomizer@0, org.springframework.boot.test.web.client.TestRestTemplateContextCustomizer@b3d7190, org.springframework.boot.test.autoconfigure.properties.PropertyMappingContextCustomizer@0, org.springframework.boot.test.autoconfigure.web.servlet.WebDriverContextCustomizerFactory$Customizer@134593bf], resourceBasePath = 'src/main/webapp', contextLoader = 'org.springframework.boot.test.context.SpringBootContextLoader', parent = [null]], attributes = map['org.springframework.test.context.web.ServletTestExecutionListener.activateListener' -> true]], class annotated with @DirtiesContext [false] with mode [null].
15:52:06.624 [main] DEBUG org.springframework.test.annotation.ProfileValueUtils - Retrieved @ProfileValueSourceConfiguration [null] for test class [mflix.api.daos.TextAndSubfieldTest]
15:52:06.624 [main] DEBUG org.springframework.test.annotation.ProfileValueUtils - Retrieved ProfileValueSource type [class org.springframework.test.annotation.SystemProfileValueSource] for class [mflix.api.daos.TextAndSubfieldTest]
15:52:06.659 [main] DEBUG org.springframework.core.env.StandardEnvironment - Adding PropertySource 'systemProperties' with lowest search precedence
15:52:06.659 [main] DEBUG org.springframework.core.env.StandardEnvironment - Adding PropertySource 'systemEnvironment' with lowest search precedence
15:52:06.660 [main] DEBUG org.springframework.core.env.StandardEnvironment - Initialized StandardEnvironment with PropertySources [MapPropertySource@447718425 {name='systemProperties', properties={java.runtime.name=OpenJDK Runtime Environment, sun.boot.library.path=/home/joaosilva/.sdkman/candidates/java/8.0.222-amzn/jre/lib/amd64, java.vm.version=25.222-b10, java.vm.vendor=Amazon.com Inc., java.vendor.url=https://aws.amazon.com/corretto/, path.separator=:, java.vm.name=OpenJDK 64-Bit Server VM, file.encoding.pkg=sun.io, user.country=BR, sun.java.launcher=SUN_STANDARD, sun.os.patch.level=unknown, java.vm.specification.name=Java Virtual Machine Specification, user.dir=/home/joaosilva/playspace/m220/mflix, java.runtime.version=1.8.0_222-b10, basedir=/home/joaosilva/playspace/m220/mflix, java.awt.graphicsenv=sun.awt.X11GraphicsEnvironment, java.endorsed.dirs=/home/joaosilva/.sdkman/candidates/java/8.0.222-amzn/jre/lib/endorsed, os.arch=amd64, surefire.real.class.path=/home/joaosilva/playspace/m220/mflix/target/surefire/surefirebooter783115438192672655.jar, java.io.tmpdir=/tmp, line.separator=
, java.vm.specification.vendor=Oracle Corporation, os.name=Linux, sun.jnu.encoding=UTF-8, java.library.path=/usr/java/packages/lib/amd64:/usr/lib64:/lib64:/lib:/usr/lib, surefire.test.class.path=/home/joaosilva/playspace/m220/mflix/target/test-classes:/home/joaosilva/playspace/m220/mflix/target/classes:/home/joaosilva/.m2/repository/org/springframework/boot/spring-boot-starter-web/2.0.3.RELEASE/spring-boot-starter-web-2.0.3.RELEASE.jar:/home/joaosilva/.m2/repository/org/springframework/boot/spring-boot-starter/2.0.3.RELEASE/spring-boot-starter-2.0.3.RELEASE.jar:/home/joaosilva/.m2/repository/org/springframework/boot/spring-boot-starter-logging/2.0.3.RELEASE/spring-boot-starter-logging-2.0.3.RELEASE.jar:/home/joaosilva/.m2/repository/ch/qos/logback/logback-classic/1.2.3/logback-classic-1.2.3.jar:/home/joaosilva/.m2/repository/ch/qos/logback/logback-core/1.2.3/logback-core-1.2.3.jar:/home/joaosilva/.m2/repository/org/apache/logging/log4j/log4j-to-slf4j/2.10.0/log4j-to-slf4j-2.10.0.jar:/home/joaosilva/.m2/repository/org/apache/logging/log4j/log4j-api/2.10.0/log4j-api-2.10.0.jar:/home/joaosilva/.m2/repository/org/slf4j/jul-to-slf4j/1.7.25/jul-to-slf4j-1.7.25.jar:/home/joaosilva/.m2/repository/javax/annotation/javax.annotation-api/1.3.2/javax.annotation-api-1.3.2.jar:/home/joaosilva/.m2/repository/org/yaml/snakeyaml/1.19/snakeyaml-1.19.jar:/home/joaosilva/.m2/repository/org/springframework/boot/spring-boot-starter-json/2.0.3.RELEASE/spring-boot-starter-json-2.0.3.RELEASE.jar:/home/joaosilva/.m2/repository/com/fasterxml/jackson/datatype/jackson-datatype-jdk8/2.9.6/jackson-datatype-jdk8-2.9.6.jar:/home/joaosilva/.m2/repository/com/fasterxml/jackson/datatype/jackson-datatype-jsr310/2.9.6/jackson-datatype-jsr310-2.9.6.jar:/home/joaosilva/.m2/repository/com/fasterxml/jackson/module/jackson-module-parameter-names/2.9.6/jackson-module-parameter-names-2.9.6.jar:/home/joaosilva/.m2/repository/org/springframework/boot/spring-boot-starter-tomcat/2.0.3.RELEASE/spring-boot-starter-tomcat-2.0.3.RELEASE.jar:/home/joaosilva/.m2/repository/org/apache/tomcat/embed/tomcat-embed-core/8.5.31/tomcat-embed-core-8.5.31.jar:/home/joaosilva/.m2/repository/org/apache/tomcat/embed/tomcat-embed-el/8.5.31/tomcat-embed-el-8.5.31.jar:/home/joaosilva/.m2/repository/org/apache/tomcat/embed/tomcat-embed-websocket/8.5.31/tomcat-embed-websocket-8.5.31.jar:/home/joaosilva/.m2/repository/org/hibernate/validator/hibernate-validator/6.0.10.Final/hibernate-validator-6.0.10.Final.jar:/home/joaosilva/.m2/repository/javax/validation/validation-api/2.0.1.Final/validation-api-2.0.1.Final.jar:/home/joaosilva/.m2/repository/org/jboss/logging/jboss-logging/3.3.2.Final/jboss-logging-3.3.2.Final.jar:/home/joaosilva/.m2/repository/com/fasterxml/classmate/1.3.4/classmate-1.3.4.jar:/home/joaosilva/.m2/repository/org/springframework/spring-webmvc/5.0.7.RELEASE/spring-webmvc-5.0.7.RELEASE.jar:/home/joaosilva/.m2/repository/org/springframework/boot/spring-boot-starter-test/2.0.3.RELEASE/spring-boot-starter-test-2.0.3.RELEASE.jar:/home/joaosilva/.m2/repository/org/springframework/boot/spring-boot-test/2.0.3.RELEASE/spring-boot-test-2.0.3.RELEASE.jar:/home/joaosilva/.m2/repository/org/springframework/boot/spring-boot-test-autoconfigure/2.0.3.RELEASE/spring-boot-test-autoconfigure-2.0.3.RELEASE.jar:/home/joaosilva/.m2/repository/com/jayway/jsonpath/json-path/2.4.0/json-path-2.4.0.jar:/home/joaosilva/.m2/repository/net/minidev/json-smart/2.3/json-smart-2.3.jar:/home/joaosilva/.m2/repository/net/minidev/accessors-smart/1.2/accessors-smart-1.2.jar:/home/joaosilva/.m2/repository/org/ow2/asm/asm/5.0.4/asm-5.0.4.jar:/home/joaosilva/.m2/repository/org/slf4j/slf4j-api/1.7.25/slf4j-api-1.7.25.jar:/home/joaosilva/.m2/repository/junit/junit/4.12/junit-4.12.jar:/home/joaosilva/.m2/repository/org/assertj/assertj-core/3.9.1/assertj-core-3.9.1.jar:/home/joaosilva/.m2/repository/org/mockito/mockito-core/2.15.0/mockito-core-2.15.0.jar:/home/joaosilva/.m2/repository/net/bytebuddy/byte-buddy/1.7.9/byte-buddy-1.7.9.jar:/home/joaosilva/.m2/repository/net/bytebuddy/byte-buddy-agent/1.7.9/byte-buddy-agent-1.7.9.jar:/home/joaosilva/.m2/repository/org/objenesis/objenesis/2.6/objenesis-2.6.jar:/home/joaosilva/.m2/repository/org/hamcrest/hamcrest-core/1.3/hamcrest-core-1.3.jar:/home/joaosilva/.m2/repository/org/hamcrest/hamcrest-library/1.3/hamcrest-library-1.3.jar:/home/joaosilva/.m2/repository/org/skyscreamer/jsonassert/1.5.0/jsonassert-1.5.0.jar:/home/joaosilva/.m2/repository/com/vaadin/external/google/android-json/0.0.20131108.vaadin1/android-json-0.0.20131108.vaadin1.jar:/home/joaosilva/.m2/repository/org/springframework/spring-test/5.0.7.RELEASE/spring-test-5.0.7.RELEASE.jar:/home/joaosilva/.m2/repository/org/xmlunit/xmlunit-core/2.5.1/xmlunit-core-2.5.1.jar:/home/joaosilva/.m2/repository/org/springframework/boot/spring-boot-starter-security/2.0.4.RELEASE/spring-boot-starter-security-2.0.4.RELEASE.jar:/home/joaosilva/.m2/repository/org/springframework/spring-aop/5.0.8.RELEASE/spring-aop-5.0.8.RELEASE.jar:/home/joaosilva/.m2/repository/org/springframework/security/spring-security-config/5.0.7.RELEASE/spring-security-config-5.0.7.RELEASE.jar:/home/joaosilva/.m2/repository/org/springframework/security/spring-security-core/5.0.7.RELEASE/spring-security-core-5.0.7.RELEASE.jar:/home/joaosilva/.m2/repository/org/springframework/security/spring-security-web/5.0.7.RELEASE/spring-security-web-5.0.7.RELEASE.jar:/home/joaosilva/.m2/repository/org/springframework/boot/spring-boot/2.0.4.RELEASE/spring-boot-2.0.4.RELEASE.jar:/home/joaosilva/.m2/repository/org/springframework/spring-context/5.0.7.RELEASE/spring-context-5.0.7.RELEASE.jar:/home/joaosilva/.m2/repository/org/springframework/spring-beans/5.0.7.RELEASE/spring-beans-5.0.7.RELEASE.jar:/home/joaosilva/.m2/repository/org/springframework/spring-expression/5.0.7.RELEASE/spring-expression-5.0.7.RELEASE.jar:/home/joaosilva/.m2/repository/org/springframework/spring-core/5.0.7.RELEASE/spring-core-5.0.7.RELEASE.jar:/home/joaosilva/.m2/repository/org/springframework/spring-jcl/5.0.7.RELEASE/spring-jcl-5.0.7.RELEASE.jar:/home/joaosilva/.m2/repository/org/springframework/boot/spring-boot-autoconfigure/2.0.3.RELEASE/spring-boot-autoconfigure-2.0.3.RELEASE.jar:/home/joaosilva/.m2/repository/org/springframework/spring-web/5.0.7.RELEASE/spring-web-5.0.7.RELEASE.jar:/home/joaosilva/.m2/repository/io/jsonwebtoken/jjwt/0.9.1/jjwt-0.9.1.jar:/home/joaosilva/.m2/repository/com/fasterxml/jackson/core/jackson-databind/2.9.6/jackson-databind-2.9.6.jar:/home/joaosilva/.m2/repository/com/fasterxml/jackson/core/jackson-annotations/2.9.0/jackson-annotations-2.9.0.jar:/home/joaosilva/.m2/repository/com/fasterxml/jackson/core/jackson-core/2.9.6/jackson-core-2.9.6.jar:/home/joaosilva/.m2/repository/org/junit/jupiter/junit-jupiter-api/5.1.0/junit-jupiter-api-5.1.0.jar:/home/joaosilva/.m2/repository/org/apiguardian/apiguardian-api/1.0.0/apiguardian-api-1.0.0.jar:/home/joaosilva/.m2/repository/org/opentest4j/opentest4j/1.0.0/opentest4j-1.0.0.jar:/home/joaosilva/.m2/repository/org/junit/platform/junit-platform-commons/1.1.0/junit-platform-commons-1.1.0.jar:/home/joaosilva/.m2/repository/org/mongodb/mongodb-driver-sync/3.9.1/mongodb-driver-sync-3.9.1.jar:/home/joaosilva/.m2/repository/org/mongodb/bson/3.9.1/bson-3.9.1.jar:/home/joaosilva/.m2/repository/org/mongodb/mongodb-driver-core/3.9.1/mongodb-driver-core-3.9.1.jar:, java.specification.name=Java Platform API Specification, java.class.version=52.0, sun.management.compiler=HotSpot 64-Bit Tiered Compilers, os.version=5.0.0-31-generic, user.home=/home/joaosilva, user.timezone=America/Sao_Paulo, java.awt.printerjob=sun.print.PSPrinterJob, file.encoding=UTF-8, java.specification.version=1.8, java.class.path=/home/joaosilva/playspace/m220/mflix/target/test-classes:/home/joaosilva/playspace/m220/mflix/target/classes:/home/joaosilva/.m2/repository/org/springframework/boot/spring-boot-starter-web/2.0.3.RELEASE/spring-boot-starter-web-2.0.3.RELEASE.jar:/home/joaosilva/.m2/repository/org/springframework/boot/spring-boot-starter/2.0.3.RELEASE/spring-boot-starter-2.0.3.RELEASE.jar:/home/joaosilva/.m2/repository/org/springframework/boot/spring-boot-starter-logging/2.0.3.RELEASE/spring-boot-starter-logging-2.0.3.RELEASE.jar:/home/joaosilva/.m2/repository/ch/qos/logback/logback-classic/1.2.3/logback-classic-1.2.3.jar:/home/joaosilva/.m2/repository/ch/qos/logback/logback-core/1.2.3/logback-core-1.2.3.jar:/home/joaosilva/.m2/repository/org/apache/logging/log4j/log4j-to-slf4j/2.10.0/log4j-to-slf4j-2.10.0.jar:/home/joaosilva/.m2/repository/org/apache/logging/log4j/log4j-api/2.10.0/log4j-api-2.10.0.jar:/home/joaosilva/.m2/repository/org/slf4j/jul-to-slf4j/1.7.25/jul-to-slf4j-1.7.25.jar:/home/joaosilva/.m2/repository/javax/annotation/javax.annotation-api/1.3.2/javax.annotation-api-1.3.2.jar:/home/joaosilva/.m2/repository/org/yaml/snakeyaml/1.19/snakeyaml-1.19.jar:/home/joaosilva/.m2/repository/org/springframework/boot/spring-boot-starter-json/2.0.3.RELEASE/spring-boot-starter-json-2.0.3.RELEASE.jar:/home/joaosilva/.m2/repository/com/fasterxml/jackson/datatype/jackson-datatype-jdk8/2.9.6/jackson-datatype-jdk8-2.9.6.jar:/home/joaosilva/.m2/repository/com/fasterxml/jackson/datatype/jackson-datatype-jsr310/2.9.6/jackson-datatype-jsr310-2.9.6.jar:/home/joaosilva/.m2/repository/com/fasterxml/jackson/module/jackson-module-parameter-names/2.9.6/jackson-module-parameter-names-2.9.6.jar:/home/joaosilva/.m2/repository/org/springframework/boot/spring-boot-starter-tomcat/2.0.3.RELEASE/spring-boot-starter-tomcat-2.0.3.RELEASE.jar:/home/joaosilva/.m2/repository/org/apache/tomcat/embed/tomcat-embed-core/8.5.31/tomcat-embed-core-8.5.31.jar:/home/joaosilva/.m2/repository/org/apache/tomcat/embed/tomcat-embed-el/8.5.31/tomcat-embed-el-8.5.31.jar:/home/joaosilva/.m2/repository/org/apache/tomcat/embed/tomcat-embed-websocket/8.5.31/tomcat-embed-websocket-8.5.31.jar:/home/joaosilva/.m2/repository/org/hibernate/validator/hibernate-validator/6.0.10.Final/hibernate-validator-6.0.10.Final.jar:/home/joaosilva/.m2/repository/javax/validation/validation-api/2.0.1.Final/validation-api-2.0.1.Final.jar:/home/joaosilva/.m2/repository/org/jboss/logging/jboss-logging/3.3.2.Final/jboss-logging-3.3.2.Final.jar:/home/joaosilva/.m2/repository/com/fasterxml/classmate/1.3.4/classmate-1.3.4.jar:/home/joaosilva/.m2/repository/org/springframework/spring-webmvc/5.0.7.RELEASE/spring-webmvc-5.0.7.RELEASE.jar:/home/joaosilva/.m2/repository/org/springframework/boot/spring-boot-starter-test/2.0.3.RELEASE/spring-boot-starter-test-2.0.3.RELEASE.jar:/home/joaosilva/.m2/repository/org/springframework/boot/spring-boot-test/2.0.3.RELEASE/spring-boot-test-2.0.3.RELEASE.jar:/home/joaosilva/.m2/repository/org/springframework/boot/spring-boot-test-autoconfigure/2.0.3.RELEASE/spring-boot-test-autoconfigure-2.0.3.RELEASE.jar:/home/joaosilva/.m2/repository/com/jayway/jsonpath/json-path/2.4.0/json-path-2.4.0.jar:/home/joaosilva/.m2/repository/net/minidev/json-smart/2.3/json-smart-2.3.jar:/home/joaosilva/.m2/repository/net/minidev/accessors-smart/1.2/accessors-smart-1.2.jar:/home/joaosilva/.m2/repository/org/ow2/asm/asm/5.0.4/asm-5.0.4.jar:/home/joaosilva/.m2/repository/org/slf4j/slf4j-api/1.7.25/slf4j-api-1.7.25.jar:/home/joaosilva/.m2/repository/junit/junit/4.12/junit-4.12.jar:/home/joaosilva/.m2/repository/org/assertj/assertj-core/3.9.1/assertj-core-3.9.1.jar:/home/joaosilva/.m2/repository/org/mockito/mockito-core/2.15.0/mockito-core-2.15.0.jar:/home/joaosilva/.m2/repository/net/bytebuddy/byte-buddy/1.7.9/byte-buddy-1.7.9.jar:/home/joaosilva/.m2/repository/net/bytebuddy/byte-buddy-agent/1.7.9/byte-buddy-agent-1.7.9.jar:/home/joaosilva/.m2/repository/org/objenesis/objenesis/2.6/objenesis-2.6.jar:/home/joaosilva/.m2/repository/org/hamcrest/hamcrest-core/1.3/hamcrest-core-1.3.jar:/home/joaosilva/.m2/repository/org/hamcrest/hamcrest-library/1.3/hamcrest-library-1.3.jar:/home/joaosilva/.m2/repository/org/skyscreamer/jsonassert/1.5.0/jsonassert-1.5.0.jar:/home/joaosilva/.m2/repository/com/vaadin/external/google/android-json/0.0.20131108.vaadin1/android-json-0.0.20131108.vaadin1.jar:/home/joaosilva/.m2/repository/org/springframework/spring-test/5.0.7.RELEASE/spring-test-5.0.7.RELEASE.jar:/home/joaosilva/.m2/repository/org/xmlunit/xmlunit-core/2.5.1/xmlunit-core-2.5.1.jar:/home/joaosilva/.m2/repository/org/springframework/boot/spring-boot-starter-security/2.0.4.RELEASE/spring-boot-starter-security-2.0.4.RELEASE.jar:/home/joaosilva/.m2/repository/org/springframework/spring-aop/5.0.8.RELEASE/spring-aop-5.0.8.RELEASE.jar:/home/joaosilva/.m2/repository/org/springframework/security/spring-security-config/5.0.7.RELEASE/spring-security-config-5.0.7.RELEASE.jar:/home/joaosilva/.m2/repository/org/springframework/security/spring-security-core/5.0.7.RELEASE/spring-security-core-5.0.7.RELEASE.jar:/home/joaosilva/.m2/repository/org/springframework/security/spring-security-web/5.0.7.RELEASE/spring-security-web-5.0.7.RELEASE.jar:/home/joaosilva/.m2/repository/org/springframework/boot/spring-boot/2.0.4.RELEASE/spring-boot-2.0.4.RELEASE.jar:/home/joaosilva/.m2/repository/org/springframework/spring-context/5.0.7.RELEASE/spring-context-5.0.7.RELEASE.jar:/home/joaosilva/.m2/repository/org/springframework/spring-beans/5.0.7.RELEASE/spring-beans-5.0.7.RELEASE.jar:/home/joaosilva/.m2/repository/org/springframework/spring-expression/5.0.7.RELEASE/spring-expression-5.0.7.RELEASE.jar:/home/joaosilva/.m2/repository/org/springframework/spring-core/5.0.7.RELEASE/spring-core-5.0.7.RELEASE.jar:/home/joaosilva/.m2/repository/org/springframework/spring-jcl/5.0.7.RELEASE/spring-jcl-5.0.7.RELEASE.jar:/home/joaosilva/.m2/repository/org/springframework/boot/spring-boot-autoconfigure/2.0.3.RELEASE/spring-boot-autoconfigure-2.0.3.RELEASE.jar:/home/joaosilva/.m2/repository/org/springframework/spring-web/5.0.7.RELEASE/spring-web-5.0.7.RELEASE.jar:/home/joaosilva/.m2/repository/io/jsonwebtoken/jjwt/0.9.1/jjwt-0.9.1.jar:/home/joaosilva/.m2/repository/com/fasterxml/jackson/core/jackson-databind/2.9.6/jackson-databind-2.9.6.jar:/home/joaosilva/.m2/repository/com/fasterxml/jackson/core/jackson-annotations/2.9.0/jackson-annotations-2.9.0.jar:/home/joaosilva/.m2/repository/com/fasterxml/jackson/core/jackson-core/2.9.6/jackson-core-2.9.6.jar:/home/joaosilva/.m2/repository/org/junit/jupiter/junit-jupiter-api/5.1.0/junit-jupiter-api-5.1.0.jar:/home/joaosilva/.m2/repository/org/apiguardian/apiguardian-api/1.0.0/apiguardian-api-1.0.0.jar:/home/joaosilva/.m2/repository/org/opentest4j/opentest4j/1.0.0/opentest4j-1.0.0.jar:/home/joaosilva/.m2/repository/org/junit/platform/junit-platform-commons/1.1.0/junit-platform-commons-1.1.0.jar:/home/joaosilva/.m2/repository/org/mongodb/mongodb-driver-sync/3.9.1/mongodb-driver-sync-3.9.1.jar:/home/joaosilva/.m2/repository/org/mongodb/bson/3.9.1/bson-3.9.1.jar:/home/joaosilva/.m2/repository/org/mongodb/mongodb-driver-core/3.9.1/mongodb-driver-core-3.9.1.jar:, user.name=joaosilva, java.vm.specification.version=1.8, sun.java.command=/home/joaosilva/playspace/m220/mflix/target/surefire/surefirebooter783115438192672655.jar /home/joaosilva/playspace/m220/mflix/target/surefire 2019-10-16T15-52-05_656-jvmRun1 surefire2365615975717159122tmp surefire_06380570062028090584tmp, java.home=/home/joaosilva/.sdkman/candidates/java/8.0.222-amzn/jre, sun.arch.data.model=64, user.language=pt, java.specification.vendor=Oracle Corporation, awt.toolkit=sun.awt.X11.XToolkit, java.vm.info=mixed mode, java.version=1.8.0_222, java.ext.dirs=/home/joaosilva/.sdkman/candidates/java/8.0.222-amzn/jre/lib/ext:/usr/java/packages/lib/ext, sun.boot.class.path=/home/joaosilva/.sdkman/candidates/java/8.0.222-amzn/jre/lib/resources.jar:/home/joaosilva/.sdkman/candidates/java/8.0.222-amzn/jre/lib/rt.jar:/home/joaosilva/.sdkman/candidates/java/8.0.222-amzn/jre/lib/sunrsasign.jar:/home/joaosilva/.sdkman/candidates/java/8.0.222-amzn/jre/lib/jsse.jar:/home/joaosilva/.sdkman/candidates/java/8.0.222-amzn/jre/lib/jce.jar:/home/joaosilva/.sdkman/candidates/java/8.0.222-amzn/jre/lib/charsets.jar:/home/joaosilva/.sdkman/candidates/java/8.0.222-amzn/jre/lib/jfr.jar:/home/joaosilva/.sdkman/candidates/java/8.0.222-amzn/jre/classes, java.vendor=Amazon.com Inc., localRepository=/home/joaosilva/.m2/repository, file.separator=/, java.vendor.url.bug=https://github.com/corretto/corretto-8/issues/, sun.io.unicode.encoding=UnicodeLittle, sun.cpu.endian=little, sun.desktop=gnome, sun.cpu.isalist=}}, SystemEnvironmentPropertySource@1206569586 {name='systemEnvironment', properties={PATH=/home/joaosilva/.sdkman/candidates/maven/current/bin:/home/joaosilva/.sdkman/candidates/java/current/bin:/home/joaosilva/.sdkman/candidates/groovyserv/current/bin:/home/joaosilva/.sdkman/candidates/groovy/current/bin:/home/joaosilva/.sdkman/candidates/grails/current/bin:/home/joaosilva/.sdkman/candidates/gradle/current/bin:/home/joaosilva/bin:/usr/local/sbin:/usr/local/bin:/usr/sbin:/usr/bin:/sbin:/bin:/usr/games:/usr/local/games:/snap/bin:/home/joaosilva/Android/Sdk/emulator:/home/joaosilva/Android/Sdk/tools:/home/joaosilva/Android/Sdk/tools/bin:/home/joaosilva/Android/Sdk/platform-tools:/opt/flutter/bin, LC_MEASUREMENT=pt_BR.UTF-8, XAUTHORITY=/run/user/1001/gdm/Xauthority, INVOCATION_ID=80b79cfe354c470c9b241dbb895b9576, SDKMAN_VERSION=5.7.3+337, XMODIFIERS=@im=ibus, LC_TELEPHONE=pt_BR.UTF-8, XDG_DATA_DIRS=/usr/share/ubuntu:/usr/local/share/:/usr/share/:/var/lib/snapd/desktop, GDMSESSION=ubuntu, MANDATORY_PATH=/usr/share/gconf/ubuntu.mandatory.path, LC_TIME=pt_BR.UTF-8, GRAILS_HOME=/home/joaosilva/.sdkman/candidates/grails/current, GTK_IM_MODULE=ibus, JAVA_OPTS=-javaagent:/home/joaosilva/lib/jars/simple-proxy-selector-agent.jar, DBUS_SESSION_BUS_ADDRESS=unix:path=/run/user/1001/bus,guid=a3f3b02ab1b968b95d689d1f5da703c9, ANDROID_HOME=/home/joaosilva/Android/Sdk, DEFAULTS_PATH=/usr/share/gconf/ubuntu.default.path, PS1=\u@\h\[\033[01;34m\] \w\[\033[0;32m\]$(__git_ps1 " (%s)")\[\033[01;34m\]$\[\033[00m\] , XDG_CURRENT_DESKTOP=ubuntu:GNOME, JOURNAL_STREAM=9:52677, MAVEN_HOME=/home/joaosilva/.sdkman/candidates/maven/current, SSH_AGENT_PID=3522, COLORTERM=truecolor, QT4_IM_MODULE=xim, LC_PAPER=pt_BR.UTF-8, SDKMAN_DIR=/home/joaosilva/.sdkman, SESSION_MANAGER=local/joaosilva-thinkpad-e480:@/tmp/.ICE-unix/3387,unix/joaosilva-thinkpad-e480:/tmp/.ICE-unix/3387, USERNAME=joaosilva, LOGNAME=joaosilva, PWD=/home/joaosilva/playspace/m220/mflix, MANAGERPID=3336, IM_CONFIG_PHASE=2, LANGUAGE=pt_BR:en_US:en, SHELL=/bin/bash, LESSOPEN=| /usr/bin/lesspipe %s, GROOVYSERV_HOME=/home/joaosilva/.sdkman/candidates/groovyserv/current, LC_ADDRESS=pt_BR.UTF-8, SDKMAN_CANDIDATES_API=https://api.sdkman.io/2, OLDPWD=/home/joaosilva/playspace/m220/mflix, GNOME_DESKTOP_SESSION_ID=this-is-deprecated, GNOME_TERMINAL_SCREEN=/org/gnome/Terminal/screen/5df7e271_39e6_4b13_9d78_0551bb24492e, GTK_MODULES=gail:atk-bridge, CLUTTER_IM_MODULE=xim, DBUS_STARTER_ADDRESS=unix:path=/run/user/1001/bus,guid=a3f3b02ab1b968b95d689d1f5da703c9, LS_COLORS=rs=0:di=01;34:ln=01;36:mh=00:pi=40;33:so=01;35:do=01;35:bd=40;33;01:cd=40;33;01:or=40;31;01:mi=00:su=37;41:sg=30;43:ca=30;41:tw=30;42:ow=34;42:st=37;44:ex=01;32:*.tar=01;31:*.tgz=01;31:*.arc=01;31:*.arj=01;31:*.taz=01;31:*.lha=01;31:*.lz4=01;31:*.lzh=01;31:*.lzma=01;31:*.tlz=01;31:*.txz=01;31:*.tzo=01;31:*.t7z=01;31:*.zip=01;31:*.z=01;31:*.dz=01;31:*.gz=01;31:*.lrz=01;31:*.lz=01;31:*.lzo=01;31:*.xz=01;31:*.zst=01;31:*.tzst=01;31:*.bz2=01;31:*.bz=01;31:*.tbz=01;31:*.tbz2=01;31:*.tz=01;31:*.deb=01;31:*.rpm=01;31:*.jar=01;31:*.war=01;31:*.ear=01;31:*.sar=01;31:*.rar=01;31:*.alz=01;31:*.ace=01;31:*.zoo=01;31:*.cpio=01;31:*.7z=01;31:*.rz=01;31:*.cab=01;31:*.wim=01;31:*.swm=01;31:*.dwm=01;31:*.esd=01;31:*.jpg=01;35:*.jpeg=01;35:*.mjpg=01;35:*.mjpeg=01;35:*.gif=01;35:*.bmp=01;35:*.pbm=01;35:*.pgm=01;35:*.ppm=01;35:*.tga=01;35:*.xbm=01;35:*.xpm=01;35:*.tif=01;35:*.tiff=01;35:*.png=01;35:*.svg=01;35:*.svgz=01;35:*.mng=01;35:*.pcx=01;35:*.mov=01;35:*.mpg=01;35:*.mpeg=01;35:*.m2v=01;35:*.mkv=01;35:*.webm=01;35:*.ogm=01;35:*.mp4=01;35:*.m4v=01;35:*.mp4v=01;35:*.vob=01;35:*.qt=01;35:*.nuv=01;35:*.wmv=01;35:*.asf=01;35:*.rm=01;35:*.rmvb=01;35:*.flc=01;35:*.avi=01;35:*.fli=01;35:*.flv=01;35:*.gl=01;35:*.dl=01;35:*.xcf=01;35:*.xwd=01;35:*.yuv=01;35:*.cgm=01;35:*.emf=01;35:*.ogv=01;35:*.ogx=01;35:*.aac=00;36:*.au=00;36:*.flac=00;36:*.m4a=00;36:*.mid=00;36:*.midi=00;36:*.mka=00;36:*.mp3=00;36:*.mpc=00;36:*.ogg=00;36:*.ra=00;36:*.wav=00;36:*.oga=00;36:*.opus=00;36:*.spx=00;36:*.xspf=00;36:, XDG_SESSION_DESKTOP=ubuntu, SHLVL=1, LC_IDENTIFICATION=pt_BR.UTF-8, LESSCLOSE=/usr/bin/lesspipe %s %s, LC_MONETARY=pt_BR.UTF-8, QT_IM_MODULE=ibus, JAVA_HOME=/home/joaosilva/.sdkman/candidates/java/current, TERM=xterm-256color, XDG_CONFIG_DIRS=/etc/xdg/xdg-ubuntu:/etc/xdg, GNOME_TERMINAL_SERVICE=:1.451, LANG=pt_BR.UTF-8, XDG_SESSION_ID=2, XDG_SESSION_TYPE=x11, GRADLE_HOME=/home/joaosilva/.sdkman/candidates/gradle/current, MAVEN_OPTS=  -javaagent:/home/joaosilva/lib/jars/simple-proxy-selector-agent.jar, GROOVY_HOME=/home/joaosilva/.sdkman/candidates/groovy/current, DISPLAY=:0, LIBVIRT_DEFAULT_URI=qemu:///system, LC_NAME=pt_BR.UTF-8, MAVEN_CMD_LINE_ARGS= test, SDKMAN_CANDIDATES_DIR=/home/joaosilva/.sdkman/candidates, XDG_SESSION_CLASS=user, _=/home/joaosilva/.sdkman/candidates/maven/current/bin/mvn, GPG_AGENT_INFO=/run/user/1001/gnupg/S.gpg-agent:0:1, MAVEN_PROJECTBASEDIR=/home/joaosilva/playspace/m220/mflix, DESKTOP_SESSION=ubuntu, SDKMAN_PLATFORM=Linux64, USER=joaosilva, XDG_MENU_PREFIX=gnome-, VTE_VERSION=5602, QT_ACCESSIBILITY=1, WINDOWPATH=2, LC_NUMERIC=pt_BR.UTF-8, SSH_AUTH_SOCK=/run/user/1001/keyring/ssh, XDG_SEAT=seat0, GNOME_SHELL_SESSION_MODE=ubuntu, XDG_VTNR=2, XDG_RUNTIME_DIR=/run/user/1001, DBUS_STARTER_BUS_TYPE=session, HOME=/home/joaosilva}}]
15:52:06.665 [main] DEBUG org.springframework.test.context.support.TestPropertySourceUtils - Adding inlined properties to environment: {spring.jmx.enabled=false, org.springframework.boot.test.context.SpringBootTestContextBootstrapper=true, server.port=-1}
15:52:06.665 [main] DEBUG org.springframework.core.env.StandardEnvironment - Adding PropertySource 'Inlined Test Properties' with highest search precedence

  .   ____          _            __ _ _
 /\\ / ___'_ __ _ _(_)_ __  __ _ \ \ \ \
( ( )\___ | '_ | '_| | '_ \/ _` | \ \ \ \
 \\/  ___)| |_)| | | | | || (_| |  ) ) ) )
  '  |____| .__|_| |_|_| |_\__, | / / / /
 =========|_|==============|___/=/_/_/_/
 :: Spring Boot ::        (v2.0.4.RELEASE)

2019-10-16 15:52:07.007  INFO 17774 --- [           main] mflix.api.daos.TextAndSubfieldTest       : Starting TextAndSubfieldTest on joaosilva-thinkpad-e480 with PID 17774 (started by joaosilva in /home/joaosilva/playspace/m220/mflix)
2019-10-16 15:52:07.009  INFO 17774 --- [           main] mflix.api.daos.TextAndSubfieldTest       : No active profile set, falling back to default profiles: default
2019-10-16 15:52:07.036  INFO 17774 --- [           main] o.s.w.c.s.GenericWebApplicationContext   : Refreshing org.springframework.web.context.support.GenericWebApplicationContext@70e9c95d: startup date [Wed Oct 16 15:52:07 BRT 2019]; root of context hierarchy
2019-10-16 15:52:08.754  INFO 17774 --- [           main] org.mongodb.driver.cluster               : Cluster created with settings {hosts=[oministack-shard-00-02-dwiob.mongodb.net:27017, oministack-shard-00-01-dwiob.mongodb.net:27017, oministack-shard-00-00-dwiob.mongodb.net:27017], mode=MULTIPLE, requiredClusterType=REPLICA_SET, serverSelectionTimeout='30000 ms', maxWaitQueueSize=500, requiredReplicaSetName='Oministack-shard-0'}
2019-10-16 15:52:08.754  INFO 17774 --- [           main] org.mongodb.driver.cluster               : Adding discovered server oministack-shard-00-02-dwiob.mongodb.net:27017 to client view of cluster
2019-10-16 15:52:08.793  INFO 17774 --- [           main] org.mongodb.driver.cluster               : Adding discovered server oministack-shard-00-01-dwiob.mongodb.net:27017 to client view of cluster
2019-10-16 15:52:08.794  INFO 17774 --- [           main] org.mongodb.driver.cluster               : Adding discovered server oministack-shard-00-00-dwiob.mongodb.net:27017 to client view of cluster
2019-10-16 15:52:09.117  INFO 17774 --- [           main] o.s.w.s.handler.SimpleUrlHandlerMapping  : Mapped URL path [/**/favicon.ico] onto handler of type [class org.springframework.web.servlet.resource.ResourceHttpRequestHandler]
2019-10-16 15:52:09.365  INFO 17774 --- [           main] s.w.s.m.m.a.RequestMappingHandlerAdapter : Looking for @ControllerAdvice: org.springframework.web.context.support.GenericWebApplicationContext@70e9c95d: startup date [Wed Oct 16 15:52:07 BRT 2019]; root of context hierarchy
2019-10-16 15:52:09.436  INFO 17774 --- [           main] s.w.s.m.m.a.RequestMappingHandlerMapping : Mapped "{[/error],produces=[text/html]}" onto public org.springframework.web.servlet.ModelAndView org.springframework.boot.autoconfigure.web.servlet.error.BasicErrorController.errorHtml(javax.servlet.http.HttpServletRequest,javax.servlet.http.HttpServletResponse)
2019-10-16 15:52:09.438  INFO 17774 --- [           main] s.w.s.m.m.a.RequestMappingHandlerMapping : Mapped "{[/error]}" onto public org.springframework.http.ResponseEntity<java.util.Map<java.lang.String, java.lang.Object>> org.springframework.boot.autoconfigure.web.servlet.error.BasicErrorController.error(javax.servlet.http.HttpServletRequest)
2019-10-16 15:52:09.467  INFO 17774 --- [           main] o.s.w.s.handler.SimpleUrlHandlerMapping  : Mapped URL path [/webjars/**] onto handler of type [class org.springframework.web.servlet.resource.ResourceHttpRequestHandler]
2019-10-16 15:52:09.467  INFO 17774 --- [           main] o.s.w.s.handler.SimpleUrlHandlerMapping  : Mapped URL path [/**] onto handler of type [class org.springframework.web.servlet.resource.ResourceHttpRequestHandler]
2019-10-16 15:52:09.516  INFO 17774 --- [           main] o.s.b.a.w.s.WelcomePageHandlerMapping    : Adding welcome page: class path resource [build/index.html]
2019-10-16 15:52:09.702  INFO 17774 --- [           main] .s.s.UserDetailsServiceAutoConfiguration : 

Using generated security password: 44d31d4d-0d4c-4e2c-8171-e2aeca8fa748

2019-10-16 15:52:09.848  INFO 17774 --- [           main] o.s.s.web.DefaultSecurityFilterChain     : Creating filter chain: org.springframework.security.web.util.matcher.AnyRequestMatcher@1, [org.springframework.security.web.context.request.async.WebAsyncManagerIntegrationFilter@33db72bd, org.springframework.security.web.context.SecurityContextPersistenceFilter@11bd803, org.springframework.security.web.header.HeaderWriterFilter@f1a45f8, org.springframework.security.web.csrf.CsrfFilter@4f4c789f, org.springframework.security.web.authentication.logout.LogoutFilter@6a0cbc6f, org.springframework.security.web.authentication.UsernamePasswordAuthenticationFilter@4d178d55, org.springframework.security.web.authentication.ui.DefaultLoginPageGeneratingFilter@5445f5ba, org.springframework.security.web.authentication.www.BasicAuthenticationFilter@68c7ef83, org.springframework.security.web.savedrequest.RequestCacheAwareFilter@75798d03, org.springframework.security.web.servletapi.SecurityContextHolderAwareRequestFilter@2add4d24, org.springframework.security.web.authentication.AnonymousAuthenticationFilter@7f92b990, org.springframework.security.web.session.SessionManagementFilter@4dbad37, org.springframework.security.web.access.ExceptionTranslationFilter@62566842, org.springframework.security.web.access.intercept.FilterSecurityInterceptor@4d96250]
2019-10-16 15:52:09.955  INFO 17774 --- [           main] mflix.api.daos.TextAndSubfieldTest       : Started TextAndSubfieldTest in 3.279 seconds (JVM running for 4.034)
2019-10-16 15:52:10.089  INFO 17774 --- [           main] org.mongodb.driver.cluster               : No server chosen by com.mongodb.client.internal.MongoClientDelegate$1@222afc67 from cluster description ClusterDescription{type=REPLICA_SET, connectionMode=MULTIPLE, serverDescriptions=[ServerDescription{address=oministack-shard-00-00-dwiob.mongodb.net:27017, type=UNKNOWN, state=CONNECTING}, ServerDescription{address=oministack-shard-00-02-dwiob.mongodb.net:27017, type=UNKNOWN, state=CONNECTING}, ServerDescription{address=oministack-shard-00-01-dwiob.mongodb.net:27017, type=UNKNOWN, state=CONNECTING}]}. Waiting for 30000 ms before timing out
2019-10-16 15:52:10.173  INFO 17774 --- [ngodb.net:27017] org.mongodb.driver.connection            : Opened connection [connectionId{localValue:2, serverValue:2032}] to oministack-shard-00-01-dwiob.mongodb.net:27017
2019-10-16 15:52:10.173  INFO 17774 --- [ngodb.net:27017] org.mongodb.driver.connection            : Opened connection [connectionId{localValue:1, serverValue:94}] to oministack-shard-00-02-dwiob.mongodb.net:27017
2019-10-16 15:52:10.175  INFO 17774 --- [ngodb.net:27017] org.mongodb.driver.connection            : Opened connection [connectionId{localValue:3, serverValue:652}] to oministack-shard-00-00-dwiob.mongodb.net:27017
2019-10-16 15:52:10.327  INFO 17774 --- [ngodb.net:27017] org.mongodb.driver.cluster               : Monitor thread successfully connected to server with description ServerDescription{address=oministack-shard-00-01-dwiob.mongodb.net:27017, type=REPLICA_SET_PRIMARY, state=CONNECTED, ok=true, version=ServerVersion{versionList=[4, 0, 12]}, minWireVersion=0, maxWireVersion=7, maxDocumentSize=16777216, logicalSessionTimeoutMinutes=30, roundTripTimeNanos=151869318, setName='Oministack-shard-0', canonicalAddress=oministack-shard-00-01-dwiob.mongodb.net:27017, hosts=[oministack-shard-00-00-dwiob.mongodb.net:27017, oministack-shard-00-02-dwiob.mongodb.net:27017, oministack-shard-00-01-dwiob.mongodb.net:27017], passives=[], arbiters=[], primary='oministack-shard-00-01-dwiob.mongodb.net:27017', tagSet=TagSet{[Tag{name='region', value='US_EAST_1'}, Tag{name='provider', value='AWS'}, Tag{name='nodeType', value='ELECTABLE'}]}, electionId=7fffffff0000000000000006, setVersion=1, lastWriteDate=Wed Oct 16 15:52:09 BRT 2019, lastUpdateTimeNanos=25497392550520}
2019-10-16 15:52:10.329  INFO 17774 --- [ngodb.net:27017] org.mongodb.driver.cluster               : Monitor thread successfully connected to server with description ServerDescription{address=oministack-shard-00-00-dwiob.mongodb.net:27017, type=REPLICA_SET_SECONDARY, state=CONNECTED, ok=true, version=ServerVersion{versionList=[4, 0, 12]}, minWireVersion=0, maxWireVersion=7, maxDocumentSize=16777216, logicalSessionTimeoutMinutes=30, roundTripTimeNanos=153641706, setName='Oministack-shard-0', canonicalAddress=oministack-shard-00-00-dwiob.mongodb.net:27017, hosts=[oministack-shard-00-00-dwiob.mongodb.net:27017, oministack-shard-00-02-dwiob.mongodb.net:27017, oministack-shard-00-01-dwiob.mongodb.net:27017], passives=[], arbiters=[], primary='oministack-shard-00-01-dwiob.mongodb.net:27017', tagSet=TagSet{[Tag{name='region', value='US_EAST_1'}, Tag{name='provider', value='AWS'}, Tag{name='nodeType', value='ELECTABLE'}]}, electionId=null, setVersion=1, lastWriteDate=Wed Oct 16 15:52:09 BRT 2019, lastUpdateTimeNanos=25497394776324}
2019-10-16 15:52:10.330  INFO 17774 --- [ngodb.net:27017] org.mongodb.driver.cluster               : Setting max election id to 7fffffff0000000000000006 from replica set primary oministack-shard-00-01-dwiob.mongodb.net:27017
2019-10-16 15:52:10.330  INFO 17774 --- [ngodb.net:27017] org.mongodb.driver.cluster               : Setting max set version to 1 from replica set primary oministack-shard-00-01-dwiob.mongodb.net:27017
2019-10-16 15:52:10.330  INFO 17774 --- [ngodb.net:27017] org.mongodb.driver.cluster               : Discovered replica set primary oministack-shard-00-01-dwiob.mongodb.net:27017
2019-10-16 15:52:10.329  INFO 17774 --- [ngodb.net:27017] org.mongodb.driver.cluster               : Monitor thread successfully connected to server with description ServerDescription{address=oministack-shard-00-02-dwiob.mongodb.net:27017, type=REPLICA_SET_SECONDARY, state=CONNECTED, ok=true, version=ServerVersion{versionList=[4, 0, 12]}, minWireVersion=0, maxWireVersion=7, maxDocumentSize=16777216, logicalSessionTimeoutMinutes=30, roundTripTimeNanos=154049418, setName='Oministack-shard-0', canonicalAddress=oministack-shard-00-02-dwiob.mongodb.net:27017, hosts=[oministack-shard-00-00-dwiob.mongodb.net:27017, oministack-shard-00-02-dwiob.mongodb.net:27017, oministack-shard-00-01-dwiob.mongodb.net:27017], passives=[], arbiters=[], primary='oministack-shard-00-01-dwiob.mongodb.net:27017', tagSet=TagSet{[Tag{name='region', value='US_EAST_1'}, Tag{name='provider', value='AWS'}, Tag{name='nodeType', value='ELECTABLE'}]}, electionId=null, setVersion=1, lastWriteDate=Wed Oct 16 15:52:09 BRT 2019, lastUpdateTimeNanos=25497394571114}
2019-10-16 15:52:11.500  INFO 17774 --- [           main] org.mongodb.driver.connection            : Closed connection [connectionId{localValue:4}] to oministack-shard-00-01-dwiob.mongodb.net:27017 because there was a socket exception raised by this connection.
]]></system-out>
  </testcase>
  <testcase name="testSearchMultipleCast" classname="mflix.api.daos.TextAndSubfieldTest" time="0.003">
    <error message="filter can not be null" type="java.lang.IllegalArgumentException">java.lang.IllegalArgumentException: filter can not be null
	at mflix.api.daos.TextAndSubfieldTest.testSearchMultipleCast(TextAndSubfieldTest.java:108)
</error>
  </testcase>
  <testcase name="testMultipleGenreSearch" classname="mflix.api.daos.TextAndSubfieldTest" time="1.101">
    <error message="Exception authenticating MongoCredential{mechanism=SCRAM-SHA-1, userName=&apos;m220-student&apos;, source=&apos;admin&apos;, password=&lt;hidden&gt;, mechanismProperties={}}" type="com.mongodb.MongoSecurityException"><![CDATA[com.mongodb.MongoSecurityException: Exception authenticating MongoCredential{mechanism=SCRAM-SHA-1, userName='m220-student', source='admin', password=<hidden>, mechanismProperties={}}
	at mflix.api.daos.TextAndSubfieldTest.testMultipleGenreSearch(TextAndSubfieldTest.java:138)
Caused by: com.mongodb.MongoCommandException: Command failed with error 8000 (AtlasError): 'bad auth Authentication failed.' on server oministack-shard-00-01-dwiob.mongodb.net:27017. The full response is { "ok" : 0, "errmsg" : "bad auth Authentication failed.", "code" : 8000, "codeName" : "AtlasError" }
	at mflix.api.daos.TextAndSubfieldTest.testMultipleGenreSearch(TextAndSubfieldTest.java:138)
]]></error>
    <system-out><![CDATA[2019-10-16 15:52:12.608  INFO 17774 --- [           main] org.mongodb.driver.connection            : Closed connection [connectionId{localValue:5}] to oministack-shard-00-01-dwiob.mongodb.net:27017 because there was a socket exception raised by this connection.
]]></system-out>
  </testcase>
  <testcase name="testSearchByCast" classname="mflix.api.daos.TextAndSubfieldTest" time="0.006">
    <error message="filter can not be null" type="java.lang.IllegalArgumentException">java.lang.IllegalArgumentException: filter can not be null
	at mflix.api.daos.TextAndSubfieldTest.testSearchByCast(TextAndSubfieldTest.java:82)
</error>
  </testcase>
  <testcase name="testTextSearch" classname="mflix.api.daos.TextAndSubfieldTest" time="1.107">
    <error message="Exception authenticating MongoCredential{mechanism=SCRAM-SHA-1, userName=&apos;m220-student&apos;, source=&apos;admin&apos;, password=&lt;hidden&gt;, mechanismProperties={}}" type="com.mongodb.MongoSecurityException"><![CDATA[com.mongodb.MongoSecurityException: Exception authenticating MongoCredential{mechanism=SCRAM-SHA-1, userName='m220-student', source='admin', password=<hidden>, mechanismProperties={}}
	at mflix.api.daos.TextAndSubfieldTest.testTextSearch(TextAndSubfieldTest.java:47)
Caused by: com.mongodb.MongoCommandException: Command failed with error 8000 (AtlasError): 'bad auth Authentication failed.' on server oministack-shard-00-01-dwiob.mongodb.net:27017. The full response is { "ok" : 0, "errmsg" : "bad auth Authentication failed.", "code" : 8000, "codeName" : "AtlasError" }
	at mflix.api.daos.TextAndSubfieldTest.testTextSearch(TextAndSubfieldTest.java:47)
]]></error>
    <system-out><![CDATA[2019-10-16 15:52:13.727  INFO 17774 --- [           main] org.mongodb.driver.connection            : Closed connection [connectionId{localValue:6}] to oministack-shard-00-01-dwiob.mongodb.net:27017 because there was a socket exception raised by this connection.
]]></system-out>
  </testcase>
  <testcase name="testTextSearchCount" classname="mflix.api.daos.TextAndSubfieldTest" time="1.123">
    <error message="Exception authenticating MongoCredential{mechanism=SCRAM-SHA-1, userName=&apos;m220-student&apos;, source=&apos;admin&apos;, password=&lt;hidden&gt;, mechanismProperties={}}" type="com.mongodb.MongoSecurityException"><![CDATA[com.mongodb.MongoSecurityException: Exception authenticating MongoCredential{mechanism=SCRAM-SHA-1, userName='m220-student', source='admin', password=<hidden>, mechanismProperties={}}
	at mflix.api.daos.TextAndSubfieldTest.testTextSearchCount(TextAndSubfieldTest.java:75)
Caused by: com.mongodb.MongoCommandException: Command failed with error 8000 (AtlasError): 'bad auth Authentication failed.' on server oministack-shard-00-01-dwiob.mongodb.net:27017. The full response is { "ok" : 0, "errmsg" : "bad auth Authentication failed.", "code" : 8000, "codeName" : "AtlasError" }
	at mflix.api.daos.TextAndSubfieldTest.testTextSearchCount(TextAndSubfieldTest.java:75)
]]></error>
    <system-out><![CDATA[2019-10-16 15:52:14.853  INFO 17774 --- [           main] org.mongodb.driver.connection            : Closed connection [connectionId{localValue:7}] to oministack-shard-00-01-dwiob.mongodb.net:27017 because there was a socket exception raised by this connection.
]]></system-out>
  </testcase>
</testsuite>